mode: set
github.com/rossigee/provider-cloudflare/internal/clients/cloudflare.go:64.68,65.15 1 0
github.com/rossigee/provider-cloudflare/internal/clients/cloudflare.go:65.15,67.3 1 0
github.com/rossigee/provider-cloudflare/internal/clients/cloudflare.go:68.2,71.31 2 0
github.com/rossigee/provider-cloudflare/internal/clients/cloudflare.go:71.31,73.3 1 0
github.com/rossigee/provider-cloudflare/internal/clients/cloudflare.go:74.2,74.62 1 0
github.com/rossigee/provider-cloudflare/internal/clients/cloudflare.go:74.62,76.3 1 0
github.com/rossigee/provider-cloudflare/internal/clients/cloudflare.go:77.2,77.35 1 0
github.com/rossigee/provider-cloudflare/internal/clients/cloudflare.go:81.92,82.9 1 0
github.com/rossigee/provider-cloudflare/internal/clients/cloudflare.go:83.46,84.39 1 0
github.com/rossigee/provider-cloudflare/internal/clients/cloudflare.go:85.10,86.35 1 0
github.com/rossigee/provider-cloudflare/internal/clients/cloudflare.go:92.100,94.105 2 0
github.com/rossigee/provider-cloudflare/internal/clients/cloudflare.go:94.105,96.3 1 0
github.com/rossigee/provider-cloudflare/internal/clients/cloudflare.go:98.2,99.41 2 0
github.com/rossigee/provider-cloudflare/internal/clients/cloudflare.go:99.41,101.3 1 0
github.com/rossigee/provider-cloudflare/internal/clients/cloudflare.go:103.2,105.16 3 0
github.com/rossigee/provider-cloudflare/internal/clients/cloudflare.go:105.16,107.3 1 0
github.com/rossigee/provider-cloudflare/internal/clients/cloudflare.go:108.2,108.37 1 0
github.com/rossigee/provider-cloudflare/internal/clients/cloudflare.go:113.75,115.53 2 0
github.com/rossigee/provider-cloudflare/internal/clients/cloudflare.go:115.53,117.3 1 0
github.com/rossigee/provider-cloudflare/internal/clients/cloudflare.go:118.2,118.20 1 0
github.com/rossigee/provider-cloudflare/internal/clients/cloudflare.go:124.38,130.25 1 0
github.com/rossigee/provider-cloudflare/internal/clients/cloudflare.go:131.11,133.12 2 0
github.com/rossigee/provider-cloudflare/internal/clients/cloudflare.go:134.13,135.13 1 0
github.com/rossigee/provider-cloudflare/internal/clients/cloudflare.go:136.15,138.12 2 0
github.com/rossigee/provider-cloudflare/internal/clients/cloudflare.go:139.10,139.10 0 0
github.com/rossigee/provider-cloudflare/internal/clients/cloudflare.go:141.2,141.12 1 0
github.com/rossigee/provider-cloudflare/internal/clients/cloudflare.go:146.39,148.2 1 0
github.com/rossigee/provider-cloudflare/internal/clients/cloudflare.go:154.47,156.2 1 0
github.com/rossigee/provider-cloudflare/internal/clients/cloudflare.go:160.54,161.24 1 0
github.com/rossigee/provider-cloudflare/internal/clients/cloudflare.go:162.14,163.27 1 0
github.com/rossigee/provider-cloudflare/internal/clients/cloudflare.go:163.27,165.4 1 0
github.com/rossigee/provider-cloudflare/internal/clients/cloudflare.go:169.15,170.11 1 0
github.com/rossigee/provider-cloudflare/internal/clients/cloudflare.go:172.2,172.12 1 0
github.com/rossigee/provider-cloudflare/internal/clients/cloudflare.go:178.35,179.24 1 0
github.com/rossigee/provider-cloudflare/internal/clients/cloudflare.go:180.12,181.12 1 0
github.com/rossigee/provider-cloudflare/internal/clients/cloudflare.go:182.13,183.11 1 0
github.com/rossigee/provider-cloudflare/internal/clients/cloudflare.go:185.2,185.12 1 0
github.com/rossigee/provider-cloudflare/internal/clients/cloudflare.go:190.45,191.32 1 0
github.com/rossigee/provider-cloudflare/internal/clients/cloudflare.go:191.32,193.3 1 0
github.com/rossigee/provider-cloudflare/internal/clients/cloudflare.go:194.2,194.12 1 0
