mode: set
github.com/rossigee/provider-cloudflare/apis/cloudflare.go:36.13,51.2 1 0
github.com/rossigee/provider-cloudflare/apis/cloudflare.go:57.43,59.2 1 0
github.com/rossigee/provider-cloudflare/apis/cache/v1alpha1/register.go:58.50,65.2 3 0
github.com/rossigee/provider-cloudflare/apis/cache/v1alpha1/register.go:67.14,69.2 0 0
github.com/rossigee/provider-cloudflare/apis/cache/v1alpha1/zz_generated.deepcopy.go:28.53,30.23 2 0
github.com/rossigee/provider-cloudflare/apis/cache/v1alpha1/zz_generated.deepcopy.go:30.23,34.3 3 0
github.com/rossigee/provider-cloudflare/apis/cache/v1alpha1/zz_generated.deepcopy.go:38.46,39.15 1 0
github.com/rossigee/provider-cloudflare/apis/cache/v1alpha1/zz_generated.deepcopy.go:39.15,41.3 1 0
github.com/rossigee/provider-cloudflare/apis/cache/v1alpha1/zz_generated.deepcopy.go:42.2,44.12 3 0
github.com/rossigee/provider-cloudflare/apis/cache/v1alpha1/zz_generated.deepcopy.go:48.49,50.33 2 0
github.com/rossigee/provider-cloudflare/apis/cache/v1alpha1/zz_generated.deepcopy.go:50.33,54.3 3 0
github.com/rossigee/provider-cloudflare/apis/cache/v1alpha1/zz_generated.deepcopy.go:55.2,55.39 1 0
github.com/rossigee/provider-cloudflare/apis/cache/v1alpha1/zz_generated.deepcopy.go:55.39,59.3 3 0
github.com/rossigee/provider-cloudflare/apis/cache/v1alpha1/zz_generated.deepcopy.go:60.2,60.35 1 0
github.com/rossigee/provider-cloudflare/apis/cache/v1alpha1/zz_generated.deepcopy.go:60.35,64.3 3 0
github.com/rossigee/provider-cloudflare/apis/cache/v1alpha1/zz_generated.deepcopy.go:65.2,65.25 1 0
github.com/rossigee/provider-cloudflare/apis/cache/v1alpha1/zz_generated.deepcopy.go:65.25,69.3 3 0
github.com/rossigee/provider-cloudflare/apis/cache/v1alpha1/zz_generated.deepcopy.go:73.42,74.15 1 0
github.com/rossigee/provider-cloudflare/apis/cache/v1alpha1/zz_generated.deepcopy.go:74.15,76.3 1 0
github.com/rossigee/provider-cloudflare/apis/cache/v1alpha1/zz_generated.deepcopy.go:77.2,79.12 3 0
github.com/rossigee/provider-cloudflare/apis/cache/v1alpha1/zz_generated.deepcopy.go:83.57,85.24 2 0
github.com/rossigee/provider-cloudflare/apis/cache/v1alpha1/zz_generated.deepcopy.go:85.24,89.3 3 0
github.com/rossigee/provider-cloudflare/apis/cache/v1alpha1/zz_generated.deepcopy.go:90.2,90.31 1 0
github.com/rossigee/provider-cloudflare/apis/cache/v1alpha1/zz_generated.deepcopy.go:90.31,94.3 3 0
github.com/rossigee/provider-cloudflare/apis/cache/v1alpha1/zz_generated.deepcopy.go:98.50,99.15 1 0
github.com/rossigee/provider-cloudflare/apis/cache/v1alpha1/zz_generated.deepcopy.go:99.15,101.3 1 0
github.com/rossigee/provider-cloudflare/apis/cache/v1alpha1/zz_generated.deepcopy.go:102.2,104.12 3 0
github.com/rossigee/provider-cloudflare/apis/cache/v1alpha1/zz_generated.deepcopy.go:108.51,114.2 5 0
github.com/rossigee/provider-cloudflare/apis/cache/v1alpha1/zz_generated.deepcopy.go:117.44,118.15 1 0
github.com/rossigee/provider-cloudflare/apis/cache/v1alpha1/zz_generated.deepcopy.go:118.15,120.3 1 0
github.com/rossigee/provider-cloudflare/apis/cache/v1alpha1/zz_generated.deepcopy.go:121.2,123.12 3 0
github.com/rossigee/provider-cloudflare/apis/cache/v1alpha1/zz_generated.deepcopy.go:127.54,128.34 1 0
github.com/rossigee/provider-cloudflare/apis/cache/v1alpha1/zz_generated.deepcopy.go:128.34,130.3 1 0
github.com/rossigee/provider-cloudflare/apis/cache/v1alpha1/zz_generated.deepcopy.go:131.2,131.12 1 0
github.com/rossigee/provider-cloudflare/apis/cache/v1alpha1/zz_generated.deepcopy.go:135.59,139.21 4 0
github.com/rossigee/provider-cloudflare/apis/cache/v1alpha1/zz_generated.deepcopy.go:139.21,142.22 3 0
github.com/rossigee/provider-cloudflare/apis/cache/v1alpha1/zz_generated.deepcopy.go:142.22,144.4 1 0
github.com/rossigee/provider-cloudflare/apis/cache/v1alpha1/zz_generated.deepcopy.go:149.52,150.15 1 0
github.com/rossigee/provider-cloudflare/apis/cache/v1alpha1/zz_generated.deepcopy.go:150.15,152.3 1 0
github.com/rossigee/provider-cloudflare/apis/cache/v1alpha1/zz_generated.deepcopy.go:153.2,155.12 3 0
github.com/rossigee/provider-cloudflare/apis/cache/v1alpha1/zz_generated.deepcopy.go:159.58,160.34 1 0
github.com/rossigee/provider-cloudflare/apis/cache/v1alpha1/zz_generated.deepcopy.go:160.34,162.3 1 0
github.com/rossigee/provider-cloudflare/apis/cache/v1alpha1/zz_generated.deepcopy.go:163.2,163.12 1 0
github.com/rossigee/provider-cloudflare/apis/cache/v1alpha1/zz_generated.deepcopy.go:167.73,169.27 2 0
github.com/rossigee/provider-cloudflare/apis/cache/v1alpha1/zz_generated.deepcopy.go:169.27,173.3 3 0
github.com/rossigee/provider-cloudflare/apis/cache/v1alpha1/zz_generated.deepcopy.go:174.2,174.25 1 0
github.com/rossigee/provider-cloudflare/apis/cache/v1alpha1/zz_generated.deepcopy.go:174.25,178.3 3 0
github.com/rossigee/provider-cloudflare/apis/cache/v1alpha1/zz_generated.deepcopy.go:179.2,179.26 1 0
github.com/rossigee/provider-cloudflare/apis/cache/v1alpha1/zz_generated.deepcopy.go:179.26,183.3 3 0
github.com/rossigee/provider-cloudflare/apis/cache/v1alpha1/zz_generated.deepcopy.go:187.66,188.15 1 0
github.com/rossigee/provider-cloudflare/apis/cache/v1alpha1/zz_generated.deepcopy.go:188.15,190.3 1 0
github.com/rossigee/provider-cloudflare/apis/cache/v1alpha1/zz_generated.deepcopy.go:191.2,193.12 3 0
github.com/rossigee/provider-cloudflare/apis/cache/v1alpha1/zz_generated.deepcopy.go:197.71,199.27 2 0
github.com/rossigee/provider-cloudflare/apis/cache/v1alpha1/zz_generated.deepcopy.go:199.27,203.3 3 0
github.com/rossigee/provider-cloudflare/apis/cache/v1alpha1/zz_generated.deepcopy.go:204.2,204.23 1 0
github.com/rossigee/provider-cloudflare/apis/cache/v1alpha1/zz_generated.deepcopy.go:204.23,208.3 3 0
github.com/rossigee/provider-cloudflare/apis/cache/v1alpha1/zz_generated.deepcopy.go:209.2,209.24 1 0
github.com/rossigee/provider-cloudflare/apis/cache/v1alpha1/zz_generated.deepcopy.go:209.24,213.3 3 0
github.com/rossigee/provider-cloudflare/apis/cache/v1alpha1/zz_generated.deepcopy.go:214.2,214.21 1 0
github.com/rossigee/provider-cloudflare/apis/cache/v1alpha1/zz_generated.deepcopy.go:214.21,218.3 3 0
github.com/rossigee/provider-cloudflare/apis/cache/v1alpha1/zz_generated.deepcopy.go:219.2,219.23 1 0
github.com/rossigee/provider-cloudflare/apis/cache/v1alpha1/zz_generated.deepcopy.go:219.23,223.3 3 0
github.com/rossigee/provider-cloudflare/apis/cache/v1alpha1/zz_generated.deepcopy.go:224.2,224.26 1 0
github.com/rossigee/provider-cloudflare/apis/cache/v1alpha1/zz_generated.deepcopy.go:224.26,228.3 3 0
github.com/rossigee/provider-cloudflare/apis/cache/v1alpha1/zz_generated.deepcopy.go:229.2,229.26 1 0
github.com/rossigee/provider-cloudflare/apis/cache/v1alpha1/zz_generated.deepcopy.go:229.26,233.3 3 0
github.com/rossigee/provider-cloudflare/apis/cache/v1alpha1/zz_generated.deepcopy.go:234.2,234.24 1 0
github.com/rossigee/provider-cloudflare/apis/cache/v1alpha1/zz_generated.deepcopy.go:234.24,238.3 3 0
github.com/rossigee/provider-cloudflare/apis/cache/v1alpha1/zz_generated.deepcopy.go:239.2,239.28 1 0
github.com/rossigee/provider-cloudflare/apis/cache/v1alpha1/zz_generated.deepcopy.go:239.28,243.3 3 0
github.com/rossigee/provider-cloudflare/apis/cache/v1alpha1/zz_generated.deepcopy.go:244.2,244.34 1 0
github.com/rossigee/provider-cloudflare/apis/cache/v1alpha1/zz_generated.deepcopy.go:244.34,248.3 3 0
github.com/rossigee/provider-cloudflare/apis/cache/v1alpha1/zz_generated.deepcopy.go:249.2,249.34 1 0
github.com/rossigee/provider-cloudflare/apis/cache/v1alpha1/zz_generated.deepcopy.go:249.34,253.3 3 0
github.com/rossigee/provider-cloudflare/apis/cache/v1alpha1/zz_generated.deepcopy.go:254.2,254.39 1 0
github.com/rossigee/provider-cloudflare/apis/cache/v1alpha1/zz_generated.deepcopy.go:254.39,258.3 3 0
github.com/rossigee/provider-cloudflare/apis/cache/v1alpha1/zz_generated.deepcopy.go:259.2,259.40 1 0
github.com/rossigee/provider-cloudflare/apis/cache/v1alpha1/zz_generated.deepcopy.go:259.40,263.3 3 0
github.com/rossigee/provider-cloudflare/apis/cache/v1alpha1/zz_generated.deepcopy.go:264.2,264.27 1 0
github.com/rossigee/provider-cloudflare/apis/cache/v1alpha1/zz_generated.deepcopy.go:264.27,268.3 3 0
github.com/rossigee/provider-cloudflare/apis/cache/v1alpha1/zz_generated.deepcopy.go:272.64,273.15 1 0
github.com/rossigee/provider-cloudflare/apis/cache/v1alpha1/zz_generated.deepcopy.go:273.15,275.3 1 0
github.com/rossigee/provider-cloudflare/apis/cache/v1alpha1/zz_generated.deepcopy.go:276.2,278.12 3 0
github.com/rossigee/provider-cloudflare/apis/cache/v1alpha1/zz_generated.deepcopy.go:282.59,286.2 3 0
github.com/rossigee/provider-cloudflare/apis/cache/v1alpha1/zz_generated.deepcopy.go:289.52,290.15 1 0
github.com/rossigee/provider-cloudflare/apis/cache/v1alpha1/zz_generated.deepcopy.go:290.15,292.3 1 0
github.com/rossigee/provider-cloudflare/apis/cache/v1alpha1/zz_generated.deepcopy.go:293.2,295.12 3 0
github.com/rossigee/provider-cloudflare/apis/cache/v1alpha1/zz_generated.deepcopy.go:299.63,303.2 3 0
github.com/rossigee/provider-cloudflare/apis/cache/v1alpha1/zz_generated.deepcopy.go:306.56,307.15 1 0
github.com/rossigee/provider-cloudflare/apis/cache/v1alpha1/zz_generated.deepcopy.go:307.15,309.3 1 0
github.com/rossigee/provider-cloudflare/apis/cache/v1alpha1/zz_generated.deepcopy.go:310.2,312.12 3 0
github.com/rossigee/provider-cloudflare/apis/cache/v1alpha1/zz_generated.deepcopy.go:316.51,318.21 2 0
github.com/rossigee/provider-cloudflare/apis/cache/v1alpha1/zz_generated.deepcopy.go:318.21,322.3 3 0
github.com/rossigee/provider-cloudflare/apis/cache/v1alpha1/zz_generated.deepcopy.go:323.2,323.22 1 0
github.com/rossigee/provider-cloudflare/apis/cache/v1alpha1/zz_generated.deepcopy.go:323.22,327.3 3 0
github.com/rossigee/provider-cloudflare/apis/cache/v1alpha1/zz_generated.deepcopy.go:328.2,328.22 1 0
github.com/rossigee/provider-cloudflare/apis/cache/v1alpha1/zz_generated.deepcopy.go:328.22,332.3 3 0
github.com/rossigee/provider-cloudflare/apis/cache/v1alpha1/zz_generated.deepcopy.go:333.2,333.20 1 0
github.com/rossigee/provider-cloudflare/apis/cache/v1alpha1/zz_generated.deepcopy.go:333.20,337.3 3 0
github.com/rossigee/provider-cloudflare/apis/cache/v1alpha1/zz_generated.deepcopy.go:338.2,338.20 1 0
github.com/rossigee/provider-cloudflare/apis/cache/v1alpha1/zz_generated.deepcopy.go:338.20,342.3 3 0
github.com/rossigee/provider-cloudflare/apis/cache/v1alpha1/zz_generated.deepcopy.go:346.44,347.15 1 0
github.com/rossigee/provider-cloudflare/apis/cache/v1alpha1/zz_generated.deepcopy.go:347.15,349.3 1 0
github.com/rossigee/provider-cloudflare/apis/cache/v1alpha1/zz_generated.deepcopy.go:350.2,352.12 3 0
github.com/rossigee/provider-cloudflare/apis/cache/v1alpha1/zz_generated.deepcopy.go:356.63,358.23 2 0
github.com/rossigee/provider-cloudflare/apis/cache/v1alpha1/zz_generated.deepcopy.go:358.23,362.3 3 0
github.com/rossigee/provider-cloudflare/apis/cache/v1alpha1/zz_generated.deepcopy.go:363.2,363.29 1 0
github.com/rossigee/provider-cloudflare/apis/cache/v1alpha1/zz_generated.deepcopy.go:363.29,367.3 3 0
github.com/rossigee/provider-cloudflare/apis/cache/v1alpha1/zz_generated.deepcopy.go:371.56,372.15 1 0
github.com/rossigee/provider-cloudflare/apis/cache/v1alpha1/zz_generated.deepcopy.go:372.15,374.3 1 0
github.com/rossigee/provider-cloudflare/apis/cache/v1alpha1/zz_generated.deepcopy.go:375.2,377.12 3 0
github.com/rossigee/provider-cloudflare/apis/cache/v1alpha1/zz_generated.deepcopy.go:381.63,383.23 2 0
github.com/rossigee/provider-cloudflare/apis/cache/v1alpha1/zz_generated.deepcopy.go:383.23,387.3 3 0
github.com/rossigee/provider-cloudflare/apis/cache/v1alpha1/zz_generated.deepcopy.go:388.2,388.29 1 0
github.com/rossigee/provider-cloudflare/apis/cache/v1alpha1/zz_generated.deepcopy.go:388.29,392.3 3 0
github.com/rossigee/provider-cloudflare/apis/cache/v1alpha1/zz_generated.deepcopy.go:393.2,393.29 1 0
github.com/rossigee/provider-cloudflare/apis/cache/v1alpha1/zz_generated.deepcopy.go:393.29,397.3 3 0
github.com/rossigee/provider-cloudflare/apis/cache/v1alpha1/zz_generated.deepcopy.go:398.2,398.24 1 0
github.com/rossigee/provider-cloudflare/apis/cache/v1alpha1/zz_generated.deepcopy.go:398.24,401.29 3 0
github.com/rossigee/provider-cloudflare/apis/cache/v1alpha1/zz_generated.deepcopy.go:401.29,403.18 2 0
github.com/rossigee/provider-cloudflare/apis/cache/v1alpha1/zz_generated.deepcopy.go:403.18,405.5 1 0
github.com/rossigee/provider-cloudflare/apis/cache/v1alpha1/zz_generated.deepcopy.go:405.10,410.5 4 0
github.com/rossigee/provider-cloudflare/apis/cache/v1alpha1/zz_generated.deepcopy.go:411.4,411.24 1 0
github.com/rossigee/provider-cloudflare/apis/cache/v1alpha1/zz_generated.deepcopy.go:417.56,418.15 1 0
github.com/rossigee/provider-cloudflare/apis/cache/v1alpha1/zz_generated.deepcopy.go:418.15,420.3 1 0
github.com/rossigee/provider-cloudflare/apis/cache/v1alpha1/zz_generated.deepcopy.go:421.2,423.12 3 0
github.com/rossigee/provider-cloudflare/apis/cache/v1alpha1/zz_generated.deepcopy.go:427.59,429.24 2 0
github.com/rossigee/provider-cloudflare/apis/cache/v1alpha1/zz_generated.deepcopy.go:429.24,433.3 3 0
github.com/rossigee/provider-cloudflare/apis/cache/v1alpha1/zz_generated.deepcopy.go:437.52,438.15 1 0
github.com/rossigee/provider-cloudflare/apis/cache/v1alpha1/zz_generated.deepcopy.go:438.15,440.3 1 0
github.com/rossigee/provider-cloudflare/apis/cache/v1alpha1/zz_generated.deepcopy.go:441.2,443.12 3 0
github.com/rossigee/provider-cloudflare/apis/cache/v1alpha1/zz_generated.deepcopy.go:447.61,449.23 2 0
github.com/rossigee/provider-cloudflare/apis/cache/v1alpha1/zz_generated.deepcopy.go:449.23,453.3 3 0
github.com/rossigee/provider-cloudflare/apis/cache/v1alpha1/zz_generated.deepcopy.go:454.2,454.23 1 0
github.com/rossigee/provider-cloudflare/apis/cache/v1alpha1/zz_generated.deepcopy.go:454.23,458.3 3 0
github.com/rossigee/provider-cloudflare/apis/cache/v1alpha1/zz_generated.deepcopy.go:459.2,459.19 1 0
github.com/rossigee/provider-cloudflare/apis/cache/v1alpha1/zz_generated.deepcopy.go:459.19,463.3 3 0
github.com/rossigee/provider-cloudflare/apis/cache/v1alpha1/zz_generated.deepcopy.go:464.2,464.22 1 0
github.com/rossigee/provider-cloudflare/apis/cache/v1alpha1/zz_generated.deepcopy.go:464.22,468.3 3 0
github.com/rossigee/provider-cloudflare/apis/cache/v1alpha1/zz_generated.deepcopy.go:472.54,473.15 1 0
github.com/rossigee/provider-cloudflare/apis/cache/v1alpha1/zz_generated.deepcopy.go:473.15,475.3 1 0
github.com/rossigee/provider-cloudflare/apis/cache/v1alpha1/zz_generated.deepcopy.go:476.2,478.12 3 0
github.com/rossigee/provider-cloudflare/apis/cache/v1alpha1/zz_generated.deepcopy.go:482.59,484.26 2 0
github.com/rossigee/provider-cloudflare/apis/cache/v1alpha1/zz_generated.deepcopy.go:484.26,488.3 3 0
github.com/rossigee/provider-cloudflare/apis/cache/v1alpha1/zz_generated.deepcopy.go:489.2,489.19 1 0
github.com/rossigee/provider-cloudflare/apis/cache/v1alpha1/zz_generated.deepcopy.go:489.19,493.3 3 0
github.com/rossigee/provider-cloudflare/apis/cache/v1alpha1/zz_generated.deepcopy.go:494.2,494.20 1 0
github.com/rossigee/provider-cloudflare/apis/cache/v1alpha1/zz_generated.deepcopy.go:494.20,498.3 3 0
github.com/rossigee/provider-cloudflare/apis/cache/v1alpha1/zz_generated.deepcopy.go:502.52,503.15 1 0
github.com/rossigee/provider-cloudflare/apis/cache/v1alpha1/zz_generated.deepcopy.go:503.15,505.3 1 0
github.com/rossigee/provider-cloudflare/apis/cache/v1alpha1/zz_generated.deepcopy.go:506.2,508.12 3 0
github.com/rossigee/provider-cloudflare/apis/cache/v1alpha1/zz_generated.deepcopy.go:512.47,514.23 2 0
github.com/rossigee/provider-cloudflare/apis/cache/v1alpha1/zz_generated.deepcopy.go:514.23,518.3 3 0
github.com/rossigee/provider-cloudflare/apis/cache/v1alpha1/zz_generated.deepcopy.go:519.2,519.29 1 0
github.com/rossigee/provider-cloudflare/apis/cache/v1alpha1/zz_generated.deepcopy.go:519.29,522.22 3 0
github.com/rossigee/provider-cloudflare/apis/cache/v1alpha1/zz_generated.deepcopy.go:522.22,524.4 1 0
github.com/rossigee/provider-cloudflare/apis/cache/v1alpha1/zz_generated.deepcopy.go:529.40,530.15 1 0
github.com/rossigee/provider-cloudflare/apis/cache/v1alpha1/zz_generated.deepcopy.go:530.15,532.3 1 0
github.com/rossigee/provider-cloudflare/apis/cache/v1alpha1/zz_generated.deepcopy.go:533.2,535.12 3 0
github.com/rossigee/provider-cloudflare/apis/cache/v1alpha1/zz_generated.deepcopy.go:539.53,541.41 2 0
github.com/rossigee/provider-cloudflare/apis/cache/v1alpha1/zz_generated.deepcopy.go:541.41,545.3 3 0
github.com/rossigee/provider-cloudflare/apis/cache/v1alpha1/zz_generated.deepcopy.go:549.46,550.15 1 0
github.com/rossigee/provider-cloudflare/apis/cache/v1alpha1/zz_generated.deepcopy.go:550.15,552.3 1 0
github.com/rossigee/provider-cloudflare/apis/cache/v1alpha1/zz_generated.deepcopy.go:553.2,555.12 3 0
github.com/rossigee/provider-cloudflare/apis/cache/v1alpha1/zz_generated.deepcopy.go:559.63,561.2 1 0
github.com/rossigee/provider-cloudflare/apis/cache/v1alpha1/zz_generated.deepcopy.go:564.56,565.15 1 0
github.com/rossigee/provider-cloudflare/apis/cache/v1alpha1/zz_generated.deepcopy.go:565.15,567.3 1 0
github.com/rossigee/provider-cloudflare/apis/cache/v1alpha1/zz_generated.deepcopy.go:568.2,570.12 3 0
github.com/rossigee/provider-cloudflare/apis/cache/v1alpha1/zz_generated.deepcopy.go:574.59,576.31 2 0
github.com/rossigee/provider-cloudflare/apis/cache/v1alpha1/zz_generated.deepcopy.go:576.31,580.3 3 0
github.com/rossigee/provider-cloudflare/apis/cache/v1alpha1/zz_generated.deepcopy.go:581.2,581.31 1 0
github.com/rossigee/provider-cloudflare/apis/cache/v1alpha1/zz_generated.deepcopy.go:581.31,585.3 3 0
github.com/rossigee/provider-cloudflare/apis/cache/v1alpha1/zz_generated.deepcopy.go:589.52,590.15 1 0
github.com/rossigee/provider-cloudflare/apis/cache/v1alpha1/zz_generated.deepcopy.go:590.15,592.3 1 0
github.com/rossigee/provider-cloudflare/apis/cache/v1alpha1/zz_generated.deepcopy.go:593.2,595.12 3 0
github.com/rossigee/provider-cloudflare/apis/cache/v1alpha1/zz_generated.managed.go:23.73,25.2 1 0
github.com/rossigee/provider-cloudflare/apis/cache/v1alpha1/zz_generated.managed.go:28.62,30.2 1 0
github.com/rossigee/provider-cloudflare/apis/cache/v1alpha1/zz_generated.managed.go:33.70,35.2 1 0
github.com/rossigee/provider-cloudflare/apis/cache/v1alpha1/zz_generated.managed.go:38.67,40.2 1 0
github.com/rossigee/provider-cloudflare/apis/cache/v1alpha1/zz_generated.managed.go:43.87,45.2 1 0
github.com/rossigee/provider-cloudflare/apis/cache/v1alpha1/zz_generated.managed.go:48.82,50.2 1 0
github.com/rossigee/provider-cloudflare/apis/cache/v1alpha1/zz_generated.managed.go:53.57,55.2 1 0
github.com/rossigee/provider-cloudflare/apis/cache/v1alpha1/zz_generated.managed.go:58.63,60.2 1 0
github.com/rossigee/provider-cloudflare/apis/cache/v1alpha1/zz_generated.managed.go:63.71,65.2 1 0
github.com/rossigee/provider-cloudflare/apis/cache/v1alpha1/zz_generated.managed.go:68.68,70.2 1 0
github.com/rossigee/provider-cloudflare/apis/cache/v1alpha1/zz_generated.managed.go:73.88,75.2 1 0
github.com/rossigee/provider-cloudflare/apis/cache/v1alpha1/zz_generated.managed.go:78.83,80.2 1 0
github.com/rossigee/provider-cloudflare/apis/cache/v1alpha1/zz_generated.managedlist.go:23.55,25.25 2 0
github.com/rossigee/provider-cloudflare/apis/cache/v1alpha1/zz_generated.managedlist.go:25.25,27.3 1 0
github.com/rossigee/provider-cloudflare/apis/cache/v1alpha1/zz_generated.managedlist.go:28.2,28.14 1 0
github.com/rossigee/provider-cloudflare/apis/dns/v1alpha1/register.go:48.13,50.2 1 0
github.com/rossigee/provider-cloudflare/apis/dns/v1alpha1/types.go:160.44,161.42 1 0
github.com/rossigee/provider-cloudflare/apis/dns/v1alpha1/types.go:161.42,163.10 2 0
github.com/rossigee/provider-cloudflare/apis/dns/v1alpha1/types.go:163.10,165.4 1 0
github.com/rossigee/provider-cloudflare/apis/dns/v1alpha1/types.go:166.3,166.34 1 0
github.com/rossigee/provider-cloudflare/apis/dns/v1alpha1/types.go:172.81,183.16 3 0
github.com/rossigee/provider-cloudflare/apis/dns/v1alpha1/types.go:183.16,185.3 1 0
github.com/rossigee/provider-cloudflare/apis/dns/v1alpha1/types.go:186.2,189.12 3 0
github.com/rossigee/provider-cloudflare/apis/dns/v1alpha1/zz_generated.deepcopy.go:29.45,35.2 5 0
github.com/rossigee/provider-cloudflare/apis/dns/v1alpha1/zz_generated.deepcopy.go:38.38,39.15 1 0
github.com/rossigee/provider-cloudflare/apis/dns/v1alpha1/zz_generated.deepcopy.go:39.15,41.3 1 0
github.com/rossigee/provider-cloudflare/apis/dns/v1alpha1/zz_generated.deepcopy.go:42.2,44.12 3 0
github.com/rossigee/provider-cloudflare/apis/dns/v1alpha1/zz_generated.deepcopy.go:48.51,49.34 1 0
github.com/rossigee/provider-cloudflare/apis/dns/v1alpha1/zz_generated.deepcopy.go:49.34,51.3 1 0
github.com/rossigee/provider-cloudflare/apis/dns/v1alpha1/zz_generated.deepcopy.go:52.2,52.12 1 0
github.com/rossigee/provider-cloudflare/apis/dns/v1alpha1/zz_generated.deepcopy.go:56.53,60.21 4 0
github.com/rossigee/provider-cloudflare/apis/dns/v1alpha1/zz_generated.deepcopy.go:60.21,63.22 3 0
github.com/rossigee/provider-cloudflare/apis/dns/v1alpha1/zz_generated.deepcopy.go:63.22,65.4 1 0
github.com/rossigee/provider-cloudflare/apis/dns/v1alpha1/zz_generated.deepcopy.go:70.46,71.15 1 0
github.com/rossigee/provider-cloudflare/apis/dns/v1alpha1/zz_generated.deepcopy.go:71.15,73.3 1 0
github.com/rossigee/provider-cloudflare/apis/dns/v1alpha1/zz_generated.deepcopy.go:74.2,76.12 3 0
github.com/rossigee/provider-cloudflare/apis/dns/v1alpha1/zz_generated.deepcopy.go:80.55,81.34 1 0
github.com/rossigee/provider-cloudflare/apis/dns/v1alpha1/zz_generated.deepcopy.go:81.34,83.3 1 0
github.com/rossigee/provider-cloudflare/apis/dns/v1alpha1/zz_generated.deepcopy.go:84.2,84.12 1 0
github.com/rossigee/provider-cloudflare/apis/dns/v1alpha1/zz_generated.deepcopy.go:88.67,90.25 2 0
github.com/rossigee/provider-cloudflare/apis/dns/v1alpha1/zz_generated.deepcopy.go:90.25,93.3 2 0
github.com/rossigee/provider-cloudflare/apis/dns/v1alpha1/zz_generated.deepcopy.go:94.2,94.26 1 0
github.com/rossigee/provider-cloudflare/apis/dns/v1alpha1/zz_generated.deepcopy.go:94.26,97.3 2 0
github.com/rossigee/provider-cloudflare/apis/dns/v1alpha1/zz_generated.deepcopy.go:101.60,102.15 1 0
github.com/rossigee/provider-cloudflare/apis/dns/v1alpha1/zz_generated.deepcopy.go:102.15,104.3 1 0
github.com/rossigee/provider-cloudflare/apis/dns/v1alpha1/zz_generated.deepcopy.go:105.2,107.12 3 0
github.com/rossigee/provider-cloudflare/apis/dns/v1alpha1/zz_generated.deepcopy.go:111.65,113.20 2 0
github.com/rossigee/provider-cloudflare/apis/dns/v1alpha1/zz_generated.deepcopy.go:113.20,117.3 3 0
github.com/rossigee/provider-cloudflare/apis/dns/v1alpha1/zz_generated.deepcopy.go:118.2,118.19 1 0
github.com/rossigee/provider-cloudflare/apis/dns/v1alpha1/zz_generated.deepcopy.go:118.19,122.3 3 0
github.com/rossigee/provider-cloudflare/apis/dns/v1alpha1/zz_generated.deepcopy.go:123.2,123.23 1 0
github.com/rossigee/provider-cloudflare/apis/dns/v1alpha1/zz_generated.deepcopy.go:123.23,127.3 3 0
github.com/rossigee/provider-cloudflare/apis/dns/v1alpha1/zz_generated.deepcopy.go:128.2,128.24 1 0
github.com/rossigee/provider-cloudflare/apis/dns/v1alpha1/zz_generated.deepcopy.go:128.24,132.3 3 0
github.com/rossigee/provider-cloudflare/apis/dns/v1alpha1/zz_generated.deepcopy.go:133.2,133.22 1 0
github.com/rossigee/provider-cloudflare/apis/dns/v1alpha1/zz_generated.deepcopy.go:133.22,137.3 3 0
github.com/rossigee/provider-cloudflare/apis/dns/v1alpha1/zz_generated.deepcopy.go:138.2,138.20 1 0
github.com/rossigee/provider-cloudflare/apis/dns/v1alpha1/zz_generated.deepcopy.go:138.20,142.3 3 0
github.com/rossigee/provider-cloudflare/apis/dns/v1alpha1/zz_generated.deepcopy.go:143.2,143.20 1 0
github.com/rossigee/provider-cloudflare/apis/dns/v1alpha1/zz_generated.deepcopy.go:143.20,147.3 3 0
github.com/rossigee/provider-cloudflare/apis/dns/v1alpha1/zz_generated.deepcopy.go:148.2,148.23 1 0
github.com/rossigee/provider-cloudflare/apis/dns/v1alpha1/zz_generated.deepcopy.go:148.23,152.3 3 0
github.com/rossigee/provider-cloudflare/apis/dns/v1alpha1/zz_generated.deepcopy.go:153.2,153.28 1 0
github.com/rossigee/provider-cloudflare/apis/dns/v1alpha1/zz_generated.deepcopy.go:153.28,157.3 3 0
github.com/rossigee/provider-cloudflare/apis/dns/v1alpha1/zz_generated.deepcopy.go:161.58,162.15 1 0
github.com/rossigee/provider-cloudflare/apis/dns/v1alpha1/zz_generated.deepcopy.go:162.15,164.3 1 0
github.com/rossigee/provider-cloudflare/apis/dns/v1alpha1/zz_generated.deepcopy.go:165.2,167.12 3 0
github.com/rossigee/provider-cloudflare/apis/dns/v1alpha1/zz_generated.deepcopy.go:171.53,175.2 3 0
github.com/rossigee/provider-cloudflare/apis/dns/v1alpha1/zz_generated.deepcopy.go:178.46,179.15 1 0
github.com/rossigee/provider-cloudflare/apis/dns/v1alpha1/zz_generated.deepcopy.go:179.15,181.3 1 0
github.com/rossigee/provider-cloudflare/apis/dns/v1alpha1/zz_generated.deepcopy.go:182.2,184.12 3 0
github.com/rossigee/provider-cloudflare/apis/dns/v1alpha1/zz_generated.deepcopy.go:188.57,192.2 3 0
github.com/rossigee/provider-cloudflare/apis/dns/v1alpha1/zz_generated.deepcopy.go:195.50,196.15 1 0
github.com/rossigee/provider-cloudflare/apis/dns/v1alpha1/zz_generated.deepcopy.go:196.15,198.3 1 0
github.com/rossigee/provider-cloudflare/apis/dns/v1alpha1/zz_generated.deepcopy.go:199.2,201.12 3 0
github.com/rossigee/provider-cloudflare/apis/dns/v1alpha1/zz_generated.managed.go:23.70,25.2 1 0
github.com/rossigee/provider-cloudflare/apis/dns/v1alpha1/zz_generated.managed.go:28.59,30.2 1 0
github.com/rossigee/provider-cloudflare/apis/dns/v1alpha1/zz_generated.managed.go:33.67,35.2 1 0
github.com/rossigee/provider-cloudflare/apis/dns/v1alpha1/zz_generated.managed.go:38.64,40.2 1 0
github.com/rossigee/provider-cloudflare/apis/dns/v1alpha1/zz_generated.managed.go:43.84,45.2 1 0
github.com/rossigee/provider-cloudflare/apis/dns/v1alpha1/zz_generated.managed.go:48.79,50.2 1 0
github.com/rossigee/provider-cloudflare/apis/dns/v1alpha1/zz_generated.managed.go:53.54,55.2 1 0
github.com/rossigee/provider-cloudflare/apis/dns/v1alpha1/zz_generated.managed.go:58.60,60.2 1 0
github.com/rossigee/provider-cloudflare/apis/dns/v1alpha1/zz_generated.managed.go:63.68,65.2 1 0
github.com/rossigee/provider-cloudflare/apis/dns/v1alpha1/zz_generated.managed.go:68.65,70.2 1 0
github.com/rossigee/provider-cloudflare/apis/dns/v1alpha1/zz_generated.managed.go:73.85,75.2 1 0
github.com/rossigee/provider-cloudflare/apis/dns/v1alpha1/zz_generated.managed.go:78.80,80.2 1 0
github.com/rossigee/provider-cloudflare/apis/dns/v1alpha1/zz_generated.managedlist.go:23.52,25.25 2 0
github.com/rossigee/provider-cloudflare/apis/dns/v1alpha1/zz_generated.managedlist.go:25.25,27.3 1 0
github.com/rossigee/provider-cloudflare/apis/dns/v1alpha1/zz_generated.managedlist.go:28.2,28.14 1 0
github.com/rossigee/provider-cloudflare/apis/sslsaas/v1alpha1/custom_hostname.go:249.89,260.16 3 0
github.com/rossigee/provider-cloudflare/apis/sslsaas/v1alpha1/custom_hostname.go:260.16,262.3 1 0
github.com/rossigee/provider-cloudflare/apis/sslsaas/v1alpha1/custom_hostname.go:263.2,274.16 4 0
github.com/rossigee/provider-cloudflare/apis/sslsaas/v1alpha1/custom_hostname.go:274.16,276.3 1 0
github.com/rossigee/provider-cloudflare/apis/sslsaas/v1alpha1/custom_hostname.go:277.2,280.12 3 0
github.com/rossigee/provider-cloudflare/apis/sslsaas/v1alpha1/fallback_origin.go:111.89,122.16 3 0
github.com/rossigee/provider-cloudflare/apis/sslsaas/v1alpha1/fallback_origin.go:122.16,124.3 1 0
github.com/rossigee/provider-cloudflare/apis/sslsaas/v1alpha1/fallback_origin.go:125.2,136.16 4 0
github.com/rossigee/provider-cloudflare/apis/sslsaas/v1alpha1/fallback_origin.go:136.16,138.3 1 0
github.com/rossigee/provider-cloudflare/apis/sslsaas/v1alpha1/fallback_origin.go:139.2,142.12 3 0
github.com/rossigee/provider-cloudflare/apis/sslsaas/v1alpha1/register.go:56.13,59.2 2 0
github.com/rossigee/provider-cloudflare/apis/sslsaas/v1alpha1/zz_generated.deepcopy.go:29.61,35.2 5 0
github.com/rossigee/provider-cloudflare/apis/sslsaas/v1alpha1/zz_generated.deepcopy.go:38.54,39.15 1 0
github.com/rossigee/provider-cloudflare/apis/sslsaas/v1alpha1/zz_generated.deepcopy.go:39.15,41.3 1 0
github.com/rossigee/provider-cloudflare/apis/sslsaas/v1alpha1/zz_generated.deepcopy.go:42.2,44.12 3 0
github.com/rossigee/provider-cloudflare/apis/sslsaas/v1alpha1/zz_generated.deepcopy.go:48.59,49.34 1 0
github.com/rossigee/provider-cloudflare/apis/sslsaas/v1alpha1/zz_generated.deepcopy.go:49.34,51.3 1 0
github.com/rossigee/provider-cloudflare/apis/sslsaas/v1alpha1/zz_generated.deepcopy.go:52.2,52.12 1 0
github.com/rossigee/provider-cloudflare/apis/sslsaas/v1alpha1/zz_generated.deepcopy.go:56.69,60.21 4 0
github.com/rossigee/provider-cloudflare/apis/sslsaas/v1alpha1/zz_generated.deepcopy.go:60.21,63.22 3 0
github.com/rossigee/provider-cloudflare/apis/sslsaas/v1alpha1/zz_generated.deepcopy.go:63.22,65.4 1 0
github.com/rossigee/provider-cloudflare/apis/sslsaas/v1alpha1/zz_generated.deepcopy.go:70.62,71.15 1 0
github.com/rossigee/provider-cloudflare/apis/sslsaas/v1alpha1/zz_generated.deepcopy.go:71.15,73.3 1 0
github.com/rossigee/provider-cloudflare/apis/sslsaas/v1alpha1/zz_generated.deepcopy.go:74.2,76.12 3 0
github.com/rossigee/provider-cloudflare/apis/sslsaas/v1alpha1/zz_generated.deepcopy.go:80.63,81.34 1 0
github.com/rossigee/provider-cloudflare/apis/sslsaas/v1alpha1/zz_generated.deepcopy.go:81.34,83.3 1 0
github.com/rossigee/provider-cloudflare/apis/sslsaas/v1alpha1/zz_generated.deepcopy.go:84.2,84.12 1 0
github.com/rossigee/provider-cloudflare/apis/sslsaas/v1alpha1/zz_generated.deepcopy.go:88.83,91.34 3 0
github.com/rossigee/provider-cloudflare/apis/sslsaas/v1alpha1/zz_generated.deepcopy.go:91.34,95.3 3 0
github.com/rossigee/provider-cloudflare/apis/sslsaas/v1alpha1/zz_generated.deepcopy.go:96.2,96.31 1 0
github.com/rossigee/provider-cloudflare/apis/sslsaas/v1alpha1/zz_generated.deepcopy.go:100.76,101.15 1 0
github.com/rossigee/provider-cloudflare/apis/sslsaas/v1alpha1/zz_generated.deepcopy.go:101.15,103.3 1 0
github.com/rossigee/provider-cloudflare/apis/sslsaas/v1alpha1/zz_generated.deepcopy.go:104.2,106.12 3 0
github.com/rossigee/provider-cloudflare/apis/sslsaas/v1alpha1/zz_generated.deepcopy.go:110.103,112.25 2 0
github.com/rossigee/provider-cloudflare/apis/sslsaas/v1alpha1/zz_generated.deepcopy.go:112.25,116.3 3 0
github.com/rossigee/provider-cloudflare/apis/sslsaas/v1alpha1/zz_generated.deepcopy.go:117.2,117.24 1 0
github.com/rossigee/provider-cloudflare/apis/sslsaas/v1alpha1/zz_generated.deepcopy.go:117.24,121.3 3 0
github.com/rossigee/provider-cloudflare/apis/sslsaas/v1alpha1/zz_generated.deepcopy.go:125.96,126.15 1 0
github.com/rossigee/provider-cloudflare/apis/sslsaas/v1alpha1/zz_generated.deepcopy.go:126.15,128.3 1 0
github.com/rossigee/provider-cloudflare/apis/sslsaas/v1alpha1/zz_generated.deepcopy.go:129.2,131.12 3 0
github.com/rossigee/provider-cloudflare/apis/sslsaas/v1alpha1/zz_generated.deepcopy.go:135.109,137.20 2 0
github.com/rossigee/provider-cloudflare/apis/sslsaas/v1alpha1/zz_generated.deepcopy.go:137.20,141.3 3 0
github.com/rossigee/provider-cloudflare/apis/sslsaas/v1alpha1/zz_generated.deepcopy.go:142.2,142.20 1 0
github.com/rossigee/provider-cloudflare/apis/sslsaas/v1alpha1/zz_generated.deepcopy.go:142.20,146.3 3 0
github.com/rossigee/provider-cloudflare/apis/sslsaas/v1alpha1/zz_generated.deepcopy.go:147.2,147.21 1 0
github.com/rossigee/provider-cloudflare/apis/sslsaas/v1alpha1/zz_generated.deepcopy.go:147.21,151.3 3 0
github.com/rossigee/provider-cloudflare/apis/sslsaas/v1alpha1/zz_generated.deepcopy.go:155.102,156.15 1 0
github.com/rossigee/provider-cloudflare/apis/sslsaas/v1alpha1/zz_generated.deepcopy.go:156.15,158.3 1 0
github.com/rossigee/provider-cloudflare/apis/sslsaas/v1alpha1/zz_generated.deepcopy.go:159.2,161.12 3 0
github.com/rossigee/provider-cloudflare/apis/sslsaas/v1alpha1/zz_generated.deepcopy.go:165.111,167.19 2 0
github.com/rossigee/provider-cloudflare/apis/sslsaas/v1alpha1/zz_generated.deepcopy.go:167.19,171.3 3 0
github.com/rossigee/provider-cloudflare/apis/sslsaas/v1alpha1/zz_generated.deepcopy.go:172.2,172.20 1 0
github.com/rossigee/provider-cloudflare/apis/sslsaas/v1alpha1/zz_generated.deepcopy.go:172.20,176.3 3 0
github.com/rossigee/provider-cloudflare/apis/sslsaas/v1alpha1/zz_generated.deepcopy.go:180.104,181.15 1 0
github.com/rossigee/provider-cloudflare/apis/sslsaas/v1alpha1/zz_generated.deepcopy.go:181.15,183.3 1 0
github.com/rossigee/provider-cloudflare/apis/sslsaas/v1alpha1/zz_generated.deepcopy.go:184.2,186.12 3 0
github.com/rossigee/provider-cloudflare/apis/sslsaas/v1alpha1/zz_generated.deepcopy.go:190.81,193.34 3 0
github.com/rossigee/provider-cloudflare/apis/sslsaas/v1alpha1/zz_generated.deepcopy.go:193.34,197.3 3 0
github.com/rossigee/provider-cloudflare/apis/sslsaas/v1alpha1/zz_generated.deepcopy.go:198.2,198.37 1 0
github.com/rossigee/provider-cloudflare/apis/sslsaas/v1alpha1/zz_generated.deepcopy.go:198.37,202.3 3 0
github.com/rossigee/provider-cloudflare/apis/sslsaas/v1alpha1/zz_generated.deepcopy.go:203.2,203.42 1 0
github.com/rossigee/provider-cloudflare/apis/sslsaas/v1alpha1/zz_generated.deepcopy.go:203.42,207.3 3 0
github.com/rossigee/provider-cloudflare/apis/sslsaas/v1alpha1/zz_generated.deepcopy.go:208.2,208.20 1 0
github.com/rossigee/provider-cloudflare/apis/sslsaas/v1alpha1/zz_generated.deepcopy.go:208.20,212.3 3 0
github.com/rossigee/provider-cloudflare/apis/sslsaas/v1alpha1/zz_generated.deepcopy.go:213.2,213.23 1 0
github.com/rossigee/provider-cloudflare/apis/sslsaas/v1alpha1/zz_generated.deepcopy.go:213.23,217.3 3 0
github.com/rossigee/provider-cloudflare/apis/sslsaas/v1alpha1/zz_generated.deepcopy.go:218.2,218.28 1 0
github.com/rossigee/provider-cloudflare/apis/sslsaas/v1alpha1/zz_generated.deepcopy.go:218.28,222.3 3 0
github.com/rossigee/provider-cloudflare/apis/sslsaas/v1alpha1/zz_generated.deepcopy.go:226.74,227.15 1 0
github.com/rossigee/provider-cloudflare/apis/sslsaas/v1alpha1/zz_generated.deepcopy.go:227.15,229.3 1 0
github.com/rossigee/provider-cloudflare/apis/sslsaas/v1alpha1/zz_generated.deepcopy.go:230.2,232.12 3 0
github.com/rossigee/provider-cloudflare/apis/sslsaas/v1alpha1/zz_generated.deepcopy.go:236.67,238.22 2 0
github.com/rossigee/provider-cloudflare/apis/sslsaas/v1alpha1/zz_generated.deepcopy.go:238.22,242.3 3 0
github.com/rossigee/provider-cloudflare/apis/sslsaas/v1alpha1/zz_generated.deepcopy.go:243.2,243.20 1 0
github.com/rossigee/provider-cloudflare/apis/sslsaas/v1alpha1/zz_generated.deepcopy.go:243.20,247.3 3 0
github.com/rossigee/provider-cloudflare/apis/sslsaas/v1alpha1/zz_generated.deepcopy.go:248.2,249.24 2 0
github.com/rossigee/provider-cloudflare/apis/sslsaas/v1alpha1/zz_generated.deepcopy.go:249.24,253.3 3 0
github.com/rossigee/provider-cloudflare/apis/sslsaas/v1alpha1/zz_generated.deepcopy.go:254.2,254.33 1 0
github.com/rossigee/provider-cloudflare/apis/sslsaas/v1alpha1/zz_generated.deepcopy.go:254.33,258.3 3 0
github.com/rossigee/provider-cloudflare/apis/sslsaas/v1alpha1/zz_generated.deepcopy.go:259.2,259.25 1 0
github.com/rossigee/provider-cloudflare/apis/sslsaas/v1alpha1/zz_generated.deepcopy.go:259.25,263.3 3 0
github.com/rossigee/provider-cloudflare/apis/sslsaas/v1alpha1/zz_generated.deepcopy.go:267.60,268.15 1 0
github.com/rossigee/provider-cloudflare/apis/sslsaas/v1alpha1/zz_generated.deepcopy.go:268.15,270.3 1 0
github.com/rossigee/provider-cloudflare/apis/sslsaas/v1alpha1/zz_generated.deepcopy.go:271.2,273.12 3 0
github.com/rossigee/provider-cloudflare/apis/sslsaas/v1alpha1/zz_generated.deepcopy.go:277.83,279.32 2 0
github.com/rossigee/provider-cloudflare/apis/sslsaas/v1alpha1/zz_generated.deepcopy.go:279.32,283.3 3 0
github.com/rossigee/provider-cloudflare/apis/sslsaas/v1alpha1/zz_generated.deepcopy.go:287.76,288.15 1 0
github.com/rossigee/provider-cloudflare/apis/sslsaas/v1alpha1/zz_generated.deepcopy.go:288.15,290.3 1 0
github.com/rossigee/provider-cloudflare/apis/sslsaas/v1alpha1/zz_generated.deepcopy.go:291.2,293.12 3 0
github.com/rossigee/provider-cloudflare/apis/sslsaas/v1alpha1/zz_generated.deepcopy.go:297.83,299.21 2 0
github.com/rossigee/provider-cloudflare/apis/sslsaas/v1alpha1/zz_generated.deepcopy.go:299.21,303.3 3 0
github.com/rossigee/provider-cloudflare/apis/sslsaas/v1alpha1/zz_generated.deepcopy.go:304.2,304.21 1 0
github.com/rossigee/provider-cloudflare/apis/sslsaas/v1alpha1/zz_generated.deepcopy.go:304.21,308.3 3 0
github.com/rossigee/provider-cloudflare/apis/sslsaas/v1alpha1/zz_generated.deepcopy.go:309.2,309.29 1 0
github.com/rossigee/provider-cloudflare/apis/sslsaas/v1alpha1/zz_generated.deepcopy.go:309.29,313.3 3 0
github.com/rossigee/provider-cloudflare/apis/sslsaas/v1alpha1/zz_generated.deepcopy.go:314.2,314.23 1 0
github.com/rossigee/provider-cloudflare/apis/sslsaas/v1alpha1/zz_generated.deepcopy.go:314.23,318.3 3 0
github.com/rossigee/provider-cloudflare/apis/sslsaas/v1alpha1/zz_generated.deepcopy.go:322.76,323.15 1 0
github.com/rossigee/provider-cloudflare/apis/sslsaas/v1alpha1/zz_generated.deepcopy.go:323.15,325.3 1 0
github.com/rossigee/provider-cloudflare/apis/sslsaas/v1alpha1/zz_generated.deepcopy.go:326.2,328.12 3 0
github.com/rossigee/provider-cloudflare/apis/sslsaas/v1alpha1/zz_generated.deepcopy.go:332.99,334.2 1 0
github.com/rossigee/provider-cloudflare/apis/sslsaas/v1alpha1/zz_generated.deepcopy.go:337.92,338.15 1 0
github.com/rossigee/provider-cloudflare/apis/sslsaas/v1alpha1/zz_generated.deepcopy.go:338.15,340.3 1 0
github.com/rossigee/provider-cloudflare/apis/sslsaas/v1alpha1/zz_generated.deepcopy.go:341.2,343.12 3 0
github.com/rossigee/provider-cloudflare/apis/sslsaas/v1alpha1/zz_generated.deepcopy.go:347.69,351.2 3 0
github.com/rossigee/provider-cloudflare/apis/sslsaas/v1alpha1/zz_generated.deepcopy.go:354.62,355.15 1 0
github.com/rossigee/provider-cloudflare/apis/sslsaas/v1alpha1/zz_generated.deepcopy.go:355.15,357.3 1 0
github.com/rossigee/provider-cloudflare/apis/sslsaas/v1alpha1/zz_generated.deepcopy.go:358.2,360.12 3 0
github.com/rossigee/provider-cloudflare/apis/sslsaas/v1alpha1/zz_generated.deepcopy.go:364.73,368.2 3 0
github.com/rossigee/provider-cloudflare/apis/sslsaas/v1alpha1/zz_generated.deepcopy.go:371.66,372.15 1 0
github.com/rossigee/provider-cloudflare/apis/sslsaas/v1alpha1/zz_generated.deepcopy.go:372.15,374.3 1 0
github.com/rossigee/provider-cloudflare/apis/sslsaas/v1alpha1/zz_generated.deepcopy.go:375.2,377.12 3 0
github.com/rossigee/provider-cloudflare/apis/sslsaas/v1alpha1/zz_generated.deepcopy.go:381.61,387.2 5 0
github.com/rossigee/provider-cloudflare/apis/sslsaas/v1alpha1/zz_generated.deepcopy.go:390.54,391.15 1 0
github.com/rossigee/provider-cloudflare/apis/sslsaas/v1alpha1/zz_generated.deepcopy.go:391.15,393.3 1 0
github.com/rossigee/provider-cloudflare/apis/sslsaas/v1alpha1/zz_generated.deepcopy.go:394.2,396.12 3 0
github.com/rossigee/provider-cloudflare/apis/sslsaas/v1alpha1/zz_generated.deepcopy.go:400.59,401.34 1 0
github.com/rossigee/provider-cloudflare/apis/sslsaas/v1alpha1/zz_generated.deepcopy.go:401.34,403.3 1 0
github.com/rossigee/provider-cloudflare/apis/sslsaas/v1alpha1/zz_generated.deepcopy.go:404.2,404.12 1 0
github.com/rossigee/provider-cloudflare/apis/sslsaas/v1alpha1/zz_generated.deepcopy.go:408.69,412.21 4 0
github.com/rossigee/provider-cloudflare/apis/sslsaas/v1alpha1/zz_generated.deepcopy.go:412.21,415.22 3 0
github.com/rossigee/provider-cloudflare/apis/sslsaas/v1alpha1/zz_generated.deepcopy.go:415.22,417.4 1 0
github.com/rossigee/provider-cloudflare/apis/sslsaas/v1alpha1/zz_generated.deepcopy.go:422.62,423.15 1 0
github.com/rossigee/provider-cloudflare/apis/sslsaas/v1alpha1/zz_generated.deepcopy.go:423.15,425.3 1 0
github.com/rossigee/provider-cloudflare/apis/sslsaas/v1alpha1/zz_generated.deepcopy.go:426.2,428.12 3 0
github.com/rossigee/provider-cloudflare/apis/sslsaas/v1alpha1/zz_generated.deepcopy.go:432.63,433.34 1 0
github.com/rossigee/provider-cloudflare/apis/sslsaas/v1alpha1/zz_generated.deepcopy.go:433.34,435.3 1 0
github.com/rossigee/provider-cloudflare/apis/sslsaas/v1alpha1/zz_generated.deepcopy.go:436.2,436.12 1 0
github.com/rossigee/provider-cloudflare/apis/sslsaas/v1alpha1/zz_generated.deepcopy.go:440.83,442.22 2 0
github.com/rossigee/provider-cloudflare/apis/sslsaas/v1alpha1/zz_generated.deepcopy.go:442.22,446.3 3 0
github.com/rossigee/provider-cloudflare/apis/sslsaas/v1alpha1/zz_generated.deepcopy.go:450.76,451.15 1 0
github.com/rossigee/provider-cloudflare/apis/sslsaas/v1alpha1/zz_generated.deepcopy.go:451.15,453.3 1 0
github.com/rossigee/provider-cloudflare/apis/sslsaas/v1alpha1/zz_generated.deepcopy.go:454.2,456.12 3 0
github.com/rossigee/provider-cloudflare/apis/sslsaas/v1alpha1/zz_generated.deepcopy.go:460.81,462.22 2 0
github.com/rossigee/provider-cloudflare/apis/sslsaas/v1alpha1/zz_generated.deepcopy.go:462.22,466.3 3 0
github.com/rossigee/provider-cloudflare/apis/sslsaas/v1alpha1/zz_generated.deepcopy.go:467.2,467.25 1 0
github.com/rossigee/provider-cloudflare/apis/sslsaas/v1alpha1/zz_generated.deepcopy.go:467.25,471.3 3 0
github.com/rossigee/provider-cloudflare/apis/sslsaas/v1alpha1/zz_generated.deepcopy.go:472.2,472.30 1 0
github.com/rossigee/provider-cloudflare/apis/sslsaas/v1alpha1/zz_generated.deepcopy.go:472.30,476.3 3 0
github.com/rossigee/provider-cloudflare/apis/sslsaas/v1alpha1/zz_generated.deepcopy.go:477.2,477.20 1 0
github.com/rossigee/provider-cloudflare/apis/sslsaas/v1alpha1/zz_generated.deepcopy.go:477.20,481.3 3 0
github.com/rossigee/provider-cloudflare/apis/sslsaas/v1alpha1/zz_generated.deepcopy.go:482.2,482.23 1 0
github.com/rossigee/provider-cloudflare/apis/sslsaas/v1alpha1/zz_generated.deepcopy.go:482.23,486.3 3 0
github.com/rossigee/provider-cloudflare/apis/sslsaas/v1alpha1/zz_generated.deepcopy.go:487.2,487.28 1 0
github.com/rossigee/provider-cloudflare/apis/sslsaas/v1alpha1/zz_generated.deepcopy.go:487.28,491.3 3 0
github.com/rossigee/provider-cloudflare/apis/sslsaas/v1alpha1/zz_generated.deepcopy.go:495.74,496.15 1 0
github.com/rossigee/provider-cloudflare/apis/sslsaas/v1alpha1/zz_generated.deepcopy.go:496.15,498.3 1 0
github.com/rossigee/provider-cloudflare/apis/sslsaas/v1alpha1/zz_generated.deepcopy.go:499.2,501.12 3 0
github.com/rossigee/provider-cloudflare/apis/sslsaas/v1alpha1/zz_generated.deepcopy.go:505.69,509.2 3 0
github.com/rossigee/provider-cloudflare/apis/sslsaas/v1alpha1/zz_generated.deepcopy.go:512.62,513.15 1 0
github.com/rossigee/provider-cloudflare/apis/sslsaas/v1alpha1/zz_generated.deepcopy.go:513.15,515.3 1 0
github.com/rossigee/provider-cloudflare/apis/sslsaas/v1alpha1/zz_generated.deepcopy.go:516.2,518.12 3 0
github.com/rossigee/provider-cloudflare/apis/sslsaas/v1alpha1/zz_generated.deepcopy.go:522.73,526.2 3 0
github.com/rossigee/provider-cloudflare/apis/sslsaas/v1alpha1/zz_generated.deepcopy.go:529.66,530.15 1 0
github.com/rossigee/provider-cloudflare/apis/sslsaas/v1alpha1/zz_generated.deepcopy.go:530.15,532.3 1 0
github.com/rossigee/provider-cloudflare/apis/sslsaas/v1alpha1/zz_generated.deepcopy.go:533.2,535.12 3 0
github.com/rossigee/provider-cloudflare/apis/sslsaas/v1alpha1/zz_generated.managed.go:23.78,25.2 1 0
github.com/rossigee/provider-cloudflare/apis/sslsaas/v1alpha1/zz_generated.managed.go:28.67,30.2 1 0
github.com/rossigee/provider-cloudflare/apis/sslsaas/v1alpha1/zz_generated.managed.go:33.75,35.2 1 0
github.com/rossigee/provider-cloudflare/apis/sslsaas/v1alpha1/zz_generated.managed.go:38.72,40.2 1 0
github.com/rossigee/provider-cloudflare/apis/sslsaas/v1alpha1/zz_generated.managed.go:43.92,45.2 1 0
github.com/rossigee/provider-cloudflare/apis/sslsaas/v1alpha1/zz_generated.managed.go:48.87,50.2 1 0
github.com/rossigee/provider-cloudflare/apis/sslsaas/v1alpha1/zz_generated.managed.go:53.62,55.2 1 0
github.com/rossigee/provider-cloudflare/apis/sslsaas/v1alpha1/zz_generated.managed.go:58.68,60.2 1 0
github.com/rossigee/provider-cloudflare/apis/sslsaas/v1alpha1/zz_generated.managed.go:63.76,65.2 1 0
github.com/rossigee/provider-cloudflare/apis/sslsaas/v1alpha1/zz_generated.managed.go:68.73,70.2 1 0
github.com/rossigee/provider-cloudflare/apis/sslsaas/v1alpha1/zz_generated.managed.go:73.93,75.2 1 0
github.com/rossigee/provider-cloudflare/apis/sslsaas/v1alpha1/zz_generated.managed.go:78.88,80.2 1 0
github.com/rossigee/provider-cloudflare/apis/sslsaas/v1alpha1/zz_generated.managed.go:83.78,85.2 1 0
github.com/rossigee/provider-cloudflare/apis/sslsaas/v1alpha1/zz_generated.managed.go:88.67,90.2 1 0
github.com/rossigee/provider-cloudflare/apis/sslsaas/v1alpha1/zz_generated.managed.go:93.75,95.2 1 0
github.com/rossigee/provider-cloudflare/apis/sslsaas/v1alpha1/zz_generated.managed.go:98.72,100.2 1 0
github.com/rossigee/provider-cloudflare/apis/sslsaas/v1alpha1/zz_generated.managed.go:103.92,105.2 1 0
github.com/rossigee/provider-cloudflare/apis/sslsaas/v1alpha1/zz_generated.managed.go:108.87,110.2 1 0
github.com/rossigee/provider-cloudflare/apis/sslsaas/v1alpha1/zz_generated.managed.go:113.62,115.2 1 0
github.com/rossigee/provider-cloudflare/apis/sslsaas/v1alpha1/zz_generated.managed.go:118.68,120.2 1 0
github.com/rossigee/provider-cloudflare/apis/sslsaas/v1alpha1/zz_generated.managed.go:123.76,125.2 1 0
github.com/rossigee/provider-cloudflare/apis/sslsaas/v1alpha1/zz_generated.managed.go:128.73,130.2 1 0
github.com/rossigee/provider-cloudflare/apis/sslsaas/v1alpha1/zz_generated.managed.go:133.93,135.2 1 0
github.com/rossigee/provider-cloudflare/apis/sslsaas/v1alpha1/zz_generated.managed.go:138.88,140.2 1 0
github.com/rossigee/provider-cloudflare/apis/sslsaas/v1alpha1/zz_generated.managedlist.go:23.60,25.25 2 0
github.com/rossigee/provider-cloudflare/apis/sslsaas/v1alpha1/zz_generated.managedlist.go:25.25,27.3 1 0
github.com/rossigee/provider-cloudflare/apis/sslsaas/v1alpha1/zz_generated.managedlist.go:28.2,28.14 1 0
github.com/rossigee/provider-cloudflare/apis/sslsaas/v1alpha1/zz_generated.managedlist.go:32.60,34.25 2 0
github.com/rossigee/provider-cloudflare/apis/sslsaas/v1alpha1/zz_generated.managedlist.go:34.25,36.3 1 0
github.com/rossigee/provider-cloudflare/apis/sslsaas/v1alpha1/zz_generated.managedlist.go:37.2,37.14 1 0
github.com/rossigee/provider-cloudflare/apis/v1alpha1/register.go:61.13,64.2 2 0
github.com/rossigee/provider-cloudflare/apis/v1alpha1/zz_generated.deepcopy.go:28.61,34.2 5 0
github.com/rossigee/provider-cloudflare/apis/v1alpha1/zz_generated.deepcopy.go:37.54,38.15 1 0
github.com/rossigee/provider-cloudflare/apis/v1alpha1/zz_generated.deepcopy.go:38.15,40.3 1 0
github.com/rossigee/provider-cloudflare/apis/v1alpha1/zz_generated.deepcopy.go:41.2,43.12 3 0
github.com/rossigee/provider-cloudflare/apis/v1alpha1/zz_generated.deepcopy.go:47.59,48.34 1 0
github.com/rossigee/provider-cloudflare/apis/v1alpha1/zz_generated.deepcopy.go:48.34,50.3 1 0
github.com/rossigee/provider-cloudflare/apis/v1alpha1/zz_generated.deepcopy.go:51.2,51.12 1 0
github.com/rossigee/provider-cloudflare/apis/v1alpha1/zz_generated.deepcopy.go:55.69,59.21 4 0
github.com/rossigee/provider-cloudflare/apis/v1alpha1/zz_generated.deepcopy.go:59.21,62.22 3 0
github.com/rossigee/provider-cloudflare/apis/v1alpha1/zz_generated.deepcopy.go:62.22,64.4 1 0
github.com/rossigee/provider-cloudflare/apis/v1alpha1/zz_generated.deepcopy.go:69.62,70.15 1 0
github.com/rossigee/provider-cloudflare/apis/v1alpha1/zz_generated.deepcopy.go:70.15,72.3 1 0
github.com/rossigee/provider-cloudflare/apis/v1alpha1/zz_generated.deepcopy.go:73.2,75.12 3 0
github.com/rossigee/provider-cloudflare/apis/v1alpha1/zz_generated.deepcopy.go:79.63,80.34 1 0
github.com/rossigee/provider-cloudflare/apis/v1alpha1/zz_generated.deepcopy.go:80.34,82.3 1 0
github.com/rossigee/provider-cloudflare/apis/v1alpha1/zz_generated.deepcopy.go:83.2,83.12 1 0
github.com/rossigee/provider-cloudflare/apis/v1alpha1/zz_generated.deepcopy.go:87.69,90.2 2 0
github.com/rossigee/provider-cloudflare/apis/v1alpha1/zz_generated.deepcopy.go:93.62,94.15 1 0
github.com/rossigee/provider-cloudflare/apis/v1alpha1/zz_generated.deepcopy.go:94.15,96.3 1 0
github.com/rossigee/provider-cloudflare/apis/v1alpha1/zz_generated.deepcopy.go:97.2,99.12 3 0
github.com/rossigee/provider-cloudflare/apis/v1alpha1/zz_generated.deepcopy.go:103.73,106.2 2 0
github.com/rossigee/provider-cloudflare/apis/v1alpha1/zz_generated.deepcopy.go:109.66,110.15 1 0
github.com/rossigee/provider-cloudflare/apis/v1alpha1/zz_generated.deepcopy.go:110.15,112.3 1 0
github.com/rossigee/provider-cloudflare/apis/v1alpha1/zz_generated.deepcopy.go:113.2,115.12 3 0
github.com/rossigee/provider-cloudflare/apis/v1alpha1/zz_generated.deepcopy.go:119.71,124.2 4 0
github.com/rossigee/provider-cloudflare/apis/v1alpha1/zz_generated.deepcopy.go:127.64,128.15 1 0
github.com/rossigee/provider-cloudflare/apis/v1alpha1/zz_generated.deepcopy.go:128.15,130.3 1 0
github.com/rossigee/provider-cloudflare/apis/v1alpha1/zz_generated.deepcopy.go:131.2,133.12 3 0
github.com/rossigee/provider-cloudflare/apis/v1alpha1/zz_generated.deepcopy.go:137.64,138.34 1 0
github.com/rossigee/provider-cloudflare/apis/v1alpha1/zz_generated.deepcopy.go:138.34,140.3 1 0
github.com/rossigee/provider-cloudflare/apis/v1alpha1/zz_generated.deepcopy.go:141.2,141.12 1 0
github.com/rossigee/provider-cloudflare/apis/v1alpha1/zz_generated.deepcopy.go:145.79,149.21 4 0
github.com/rossigee/provider-cloudflare/apis/v1alpha1/zz_generated.deepcopy.go:149.21,152.22 3 0
github.com/rossigee/provider-cloudflare/apis/v1alpha1/zz_generated.deepcopy.go:152.22,154.4 1 0
github.com/rossigee/provider-cloudflare/apis/v1alpha1/zz_generated.deepcopy.go:159.72,160.15 1 0
github.com/rossigee/provider-cloudflare/apis/v1alpha1/zz_generated.deepcopy.go:160.15,162.3 1 0
github.com/rossigee/provider-cloudflare/apis/v1alpha1/zz_generated.deepcopy.go:163.2,165.12 3 0
github.com/rossigee/provider-cloudflare/apis/v1alpha1/zz_generated.deepcopy.go:169.68,170.34 1 0
github.com/rossigee/provider-cloudflare/apis/v1alpha1/zz_generated.deepcopy.go:170.34,172.3 1 0
github.com/rossigee/provider-cloudflare/apis/v1alpha1/zz_generated.deepcopy.go:173.2,173.12 1 0
github.com/rossigee/provider-cloudflare/apis/v1alpha1/zz_generated.deepcopy.go:177.71,180.2 2 0
github.com/rossigee/provider-cloudflare/apis/v1alpha1/zz_generated.deepcopy.go:183.64,184.15 1 0
github.com/rossigee/provider-cloudflare/apis/v1alpha1/zz_generated.deepcopy.go:184.15,186.3 1 0
github.com/rossigee/provider-cloudflare/apis/v1alpha1/zz_generated.deepcopy.go:187.2,189.12 3 0
github.com/rossigee/provider-cloudflare/apis/v1alpha1/zz_generated.pcu.go:23.75,25.2 1 0
github.com/rossigee/provider-cloudflare/apis/v1alpha1/zz_generated.pcu.go:28.74,30.2 1 0
github.com/rossigee/provider-cloudflare/apis/v1alpha1/zz_generated.pcu.go:33.76,35.2 1 0
github.com/rossigee/provider-cloudflare/apis/v1alpha1/zz_generated.pcu.go:38.75,40.2 1 0
github.com/rossigee/provider-cloudflare/apis/v1alpha1/zz_generated.pculist.go:23.77,25.25 2 0
github.com/rossigee/provider-cloudflare/apis/v1alpha1/zz_generated.pculist.go:25.25,27.3 1 0
github.com/rossigee/provider-cloudflare/apis/v1alpha1/zz_generated.pculist.go:28.2,28.14 1 0
github.com/rossigee/provider-cloudflare/apis/v1alpha1/zz_generated.providerconfig.go:24.78,26.2 1 0
github.com/rossigee/provider-cloudflare/apis/v1alpha1/zz_generated.providerconfig.go:29.67,31.2 1 0
github.com/rossigee/provider-cloudflare/apis/v1alpha1/zz_generated.providerconfig.go:34.75,36.2 1 0
github.com/rossigee/provider-cloudflare/apis/v1alpha1/zz_generated.providerconfig.go:39.72,41.2 1 0
github.com/rossigee/provider-cloudflare/apis/v1alpha1/zz_generated.providerconfig.go:44.92,46.2 1 0
github.com/rossigee/provider-cloudflare/apis/v1alpha1/zz_generated.providerconfig.go:49.88,51.2 1 0
github.com/rossigee/provider-cloudflare/apis/v1alpha1/zz_generated.providerconfig.go:54.62,56.2 1 0
github.com/rossigee/provider-cloudflare/apis/v1alpha1/zz_generated.providerconfig.go:59.69,61.2 0 0
github.com/rossigee/provider-cloudflare/apis/v1alpha1/zz_generated.providerconfig.go:64.77,66.2 0 0
github.com/rossigee/provider-cloudflare/apis/v1alpha1/zz_generated.providerconfig.go:69.74,71.2 0 0
github.com/rossigee/provider-cloudflare/apis/v1alpha1/zz_generated.providerconfig.go:74.94,76.2 0 0
github.com/rossigee/provider-cloudflare/apis/v1alpha1/zz_generated.providerconfig.go:79.90,81.2 0 0
github.com/rossigee/provider-cloudflare/apis/v1alpha1/zz_generated.providerconfig.go:84.44,86.2 1 0
github.com/rossigee/provider-cloudflare/apis/v1alpha1/zz_generated.providerconfig.go:89.45,91.2 1 0
github.com/rossigee/provider-cloudflare/apis/transform/v1alpha1/register.go:48.13,50.2 1 0
github.com/rossigee/provider-cloudflare/apis/transform/v1alpha1/zz_generated.deepcopy.go:29.71,31.21 2 0
github.com/rossigee/provider-cloudflare/apis/transform/v1alpha1/zz_generated.deepcopy.go:31.21,35.3 3 0
github.com/rossigee/provider-cloudflare/apis/transform/v1alpha1/zz_generated.deepcopy.go:36.2,36.26 1 0
github.com/rossigee/provider-cloudflare/apis/transform/v1alpha1/zz_generated.deepcopy.go:36.26,40.3 3 0
github.com/rossigee/provider-cloudflare/apis/transform/v1alpha1/zz_generated.deepcopy.go:44.64,45.15 1 0
github.com/rossigee/provider-cloudflare/apis/transform/v1alpha1/zz_generated.deepcopy.go:45.15,47.3 1 0
github.com/rossigee/provider-cloudflare/apis/transform/v1alpha1/zz_generated.deepcopy.go:48.2,50.12 3 0
github.com/rossigee/provider-cloudflare/apis/transform/v1alpha1/zz_generated.deepcopy.go:54.59,56.21 2 0
github.com/rossigee/provider-cloudflare/apis/transform/v1alpha1/zz_generated.deepcopy.go:56.21,60.3 3 0
github.com/rossigee/provider-cloudflare/apis/transform/v1alpha1/zz_generated.deepcopy.go:61.2,61.26 1 0
github.com/rossigee/provider-cloudflare/apis/transform/v1alpha1/zz_generated.deepcopy.go:61.26,65.3 3 0
github.com/rossigee/provider-cloudflare/apis/transform/v1alpha1/zz_generated.deepcopy.go:69.52,70.15 1 0
github.com/rossigee/provider-cloudflare/apis/transform/v1alpha1/zz_generated.deepcopy.go:70.15,72.3 1 0
github.com/rossigee/provider-cloudflare/apis/transform/v1alpha1/zz_generated.deepcopy.go:73.2,75.12 3 0
github.com/rossigee/provider-cloudflare/apis/transform/v1alpha1/zz_generated.deepcopy.go:79.61,81.21 2 0
github.com/rossigee/provider-cloudflare/apis/transform/v1alpha1/zz_generated.deepcopy.go:81.21,85.3 3 0
github.com/rossigee/provider-cloudflare/apis/transform/v1alpha1/zz_generated.deepcopy.go:86.2,86.26 1 0
github.com/rossigee/provider-cloudflare/apis/transform/v1alpha1/zz_generated.deepcopy.go:86.26,90.3 3 0
github.com/rossigee/provider-cloudflare/apis/transform/v1alpha1/zz_generated.deepcopy.go:94.54,95.15 1 0
github.com/rossigee/provider-cloudflare/apis/transform/v1alpha1/zz_generated.deepcopy.go:95.15,97.3 1 0
github.com/rossigee/provider-cloudflare/apis/transform/v1alpha1/zz_generated.deepcopy.go:98.2,100.12 3 0
github.com/rossigee/provider-cloudflare/apis/transform/v1alpha1/zz_generated.deepcopy.go:104.41,110.2 5 0
github.com/rossigee/provider-cloudflare/apis/transform/v1alpha1/zz_generated.deepcopy.go:113.34,114.15 1 0
github.com/rossigee/provider-cloudflare/apis/transform/v1alpha1/zz_generated.deepcopy.go:114.15,116.3 1 0
github.com/rossigee/provider-cloudflare/apis/transform/v1alpha1/zz_generated.deepcopy.go:117.2,119.12 3 0
github.com/rossigee/provider-cloudflare/apis/transform/v1alpha1/zz_generated.deepcopy.go:123.49,124.34 1 0
github.com/rossigee/provider-cloudflare/apis/transform/v1alpha1/zz_generated.deepcopy.go:124.34,126.3 1 0
github.com/rossigee/provider-cloudflare/apis/transform/v1alpha1/zz_generated.deepcopy.go:127.2,127.12 1 0
github.com/rossigee/provider-cloudflare/apis/transform/v1alpha1/zz_generated.deepcopy.go:131.73,133.19 2 0
github.com/rossigee/provider-cloudflare/apis/transform/v1alpha1/zz_generated.deepcopy.go:133.19,137.3 3 0
github.com/rossigee/provider-cloudflare/apis/transform/v1alpha1/zz_generated.deepcopy.go:138.2,138.23 1 0
github.com/rossigee/provider-cloudflare/apis/transform/v1alpha1/zz_generated.deepcopy.go:138.23,141.29 3 0
github.com/rossigee/provider-cloudflare/apis/transform/v1alpha1/zz_generated.deepcopy.go:141.29,143.4 1 0
github.com/rossigee/provider-cloudflare/apis/transform/v1alpha1/zz_generated.deepcopy.go:145.2,145.26 1 0
github.com/rossigee/provider-cloudflare/apis/transform/v1alpha1/zz_generated.deepcopy.go:145.26,149.3 3 0
github.com/rossigee/provider-cloudflare/apis/transform/v1alpha1/zz_generated.deepcopy.go:153.66,154.15 1 0
github.com/rossigee/provider-cloudflare/apis/transform/v1alpha1/zz_generated.deepcopy.go:154.15,156.3 1 0
github.com/rossigee/provider-cloudflare/apis/transform/v1alpha1/zz_generated.deepcopy.go:157.2,159.12 3 0
github.com/rossigee/provider-cloudflare/apis/transform/v1alpha1/zz_generated.deepcopy.go:163.49,167.21 4 0
github.com/rossigee/provider-cloudflare/apis/transform/v1alpha1/zz_generated.deepcopy.go:167.21,170.22 3 0
github.com/rossigee/provider-cloudflare/apis/transform/v1alpha1/zz_generated.deepcopy.go:170.22,172.4 1 0
github.com/rossigee/provider-cloudflare/apis/transform/v1alpha1/zz_generated.deepcopy.go:177.42,178.15 1 0
github.com/rossigee/provider-cloudflare/apis/transform/v1alpha1/zz_generated.deepcopy.go:178.15,180.3 1 0
github.com/rossigee/provider-cloudflare/apis/transform/v1alpha1/zz_generated.deepcopy.go:181.2,183.12 3 0
github.com/rossigee/provider-cloudflare/apis/transform/v1alpha1/zz_generated.deepcopy.go:187.53,188.34 1 0
github.com/rossigee/provider-cloudflare/apis/transform/v1alpha1/zz_generated.deepcopy.go:188.34,190.3 1 0
github.com/rossigee/provider-cloudflare/apis/transform/v1alpha1/zz_generated.deepcopy.go:191.2,191.12 1 0
github.com/rossigee/provider-cloudflare/apis/transform/v1alpha1/zz_generated.deepcopy.go:195.63,197.27 2 0
github.com/rossigee/provider-cloudflare/apis/transform/v1alpha1/zz_generated.deepcopy.go:197.27,200.3 2 0
github.com/rossigee/provider-cloudflare/apis/transform/v1alpha1/zz_generated.deepcopy.go:204.56,205.15 1 0
github.com/rossigee/provider-cloudflare/apis/transform/v1alpha1/zz_generated.deepcopy.go:205.15,207.3 1 0
github.com/rossigee/provider-cloudflare/apis/transform/v1alpha1/zz_generated.deepcopy.go:208.2,210.12 3 0
github.com/rossigee/provider-cloudflare/apis/transform/v1alpha1/zz_generated.deepcopy.go:214.61,216.20 2 0
github.com/rossigee/provider-cloudflare/apis/transform/v1alpha1/zz_generated.deepcopy.go:216.20,220.3 3 0
github.com/rossigee/provider-cloudflare/apis/transform/v1alpha1/zz_generated.deepcopy.go:221.2,221.23 1 0
github.com/rossigee/provider-cloudflare/apis/transform/v1alpha1/zz_generated.deepcopy.go:221.23,225.3 3 0
github.com/rossigee/provider-cloudflare/apis/transform/v1alpha1/zz_generated.deepcopy.go:226.2,226.28 1 0
github.com/rossigee/provider-cloudflare/apis/transform/v1alpha1/zz_generated.deepcopy.go:226.28,230.3 3 0
github.com/rossigee/provider-cloudflare/apis/transform/v1alpha1/zz_generated.deepcopy.go:231.2,231.27 1 0
github.com/rossigee/provider-cloudflare/apis/transform/v1alpha1/zz_generated.deepcopy.go:231.27,235.3 3 0
github.com/rossigee/provider-cloudflare/apis/transform/v1alpha1/zz_generated.deepcopy.go:236.2,236.23 1 0
github.com/rossigee/provider-cloudflare/apis/transform/v1alpha1/zz_generated.deepcopy.go:236.23,240.3 3 0
github.com/rossigee/provider-cloudflare/apis/transform/v1alpha1/zz_generated.deepcopy.go:241.2,241.24 1 0
github.com/rossigee/provider-cloudflare/apis/transform/v1alpha1/zz_generated.deepcopy.go:241.24,245.3 3 0
github.com/rossigee/provider-cloudflare/apis/transform/v1alpha1/zz_generated.deepcopy.go:246.2,246.32 1 0
github.com/rossigee/provider-cloudflare/apis/transform/v1alpha1/zz_generated.deepcopy.go:246.32,250.3 3 0
github.com/rossigee/provider-cloudflare/apis/transform/v1alpha1/zz_generated.deepcopy.go:254.54,255.15 1 0
github.com/rossigee/provider-cloudflare/apis/transform/v1alpha1/zz_generated.deepcopy.go:255.15,257.3 1 0
github.com/rossigee/provider-cloudflare/apis/transform/v1alpha1/zz_generated.deepcopy.go:258.2,260.12 3 0
github.com/rossigee/provider-cloudflare/apis/transform/v1alpha1/zz_generated.deepcopy.go:264.49,268.2 3 0
github.com/rossigee/provider-cloudflare/apis/transform/v1alpha1/zz_generated.deepcopy.go:271.42,272.15 1 0
github.com/rossigee/provider-cloudflare/apis/transform/v1alpha1/zz_generated.deepcopy.go:272.15,274.3 1 0
github.com/rossigee/provider-cloudflare/apis/transform/v1alpha1/zz_generated.deepcopy.go:275.2,277.12 3 0
github.com/rossigee/provider-cloudflare/apis/transform/v1alpha1/zz_generated.deepcopy.go:281.53,285.2 3 0
github.com/rossigee/provider-cloudflare/apis/transform/v1alpha1/zz_generated.deepcopy.go:288.46,289.15 1 0
github.com/rossigee/provider-cloudflare/apis/transform/v1alpha1/zz_generated.deepcopy.go:289.15,291.3 1 0
github.com/rossigee/provider-cloudflare/apis/transform/v1alpha1/zz_generated.deepcopy.go:292.2,294.12 3 0
github.com/rossigee/provider-cloudflare/apis/transform/v1alpha1/zz_generated.deepcopy.go:298.57,300.20 2 0
github.com/rossigee/provider-cloudflare/apis/transform/v1alpha1/zz_generated.deepcopy.go:300.20,304.3 3 0
github.com/rossigee/provider-cloudflare/apis/transform/v1alpha1/zz_generated.deepcopy.go:305.2,305.21 1 0
github.com/rossigee/provider-cloudflare/apis/transform/v1alpha1/zz_generated.deepcopy.go:305.21,309.3 3 0
github.com/rossigee/provider-cloudflare/apis/transform/v1alpha1/zz_generated.deepcopy.go:313.50,314.15 1 0
github.com/rossigee/provider-cloudflare/apis/transform/v1alpha1/zz_generated.deepcopy.go:314.15,316.3 1 0
github.com/rossigee/provider-cloudflare/apis/transform/v1alpha1/zz_generated.deepcopy.go:317.2,319.12 3 0
github.com/rossigee/provider-cloudflare/apis/transform/v1alpha1/zz_generated.managed.go:23.68,25.2 1 0
github.com/rossigee/provider-cloudflare/apis/transform/v1alpha1/zz_generated.managed.go:28.57,30.2 1 0
github.com/rossigee/provider-cloudflare/apis/transform/v1alpha1/zz_generated.managed.go:33.65,35.2 1 0
github.com/rossigee/provider-cloudflare/apis/transform/v1alpha1/zz_generated.managed.go:38.62,40.2 1 0
github.com/rossigee/provider-cloudflare/apis/transform/v1alpha1/zz_generated.managed.go:43.82,45.2 1 0
github.com/rossigee/provider-cloudflare/apis/transform/v1alpha1/zz_generated.managed.go:48.77,50.2 1 0
github.com/rossigee/provider-cloudflare/apis/transform/v1alpha1/zz_generated.managed.go:53.52,55.2 1 0
github.com/rossigee/provider-cloudflare/apis/transform/v1alpha1/zz_generated.managed.go:58.58,60.2 1 0
github.com/rossigee/provider-cloudflare/apis/transform/v1alpha1/zz_generated.managed.go:63.66,65.2 1 0
github.com/rossigee/provider-cloudflare/apis/transform/v1alpha1/zz_generated.managed.go:68.63,70.2 1 0
github.com/rossigee/provider-cloudflare/apis/transform/v1alpha1/zz_generated.managed.go:73.83,75.2 1 0
github.com/rossigee/provider-cloudflare/apis/transform/v1alpha1/zz_generated.managed.go:78.78,80.2 1 0
github.com/rossigee/provider-cloudflare/apis/transform/v1alpha1/zz_generated.managedlist.go:23.50,25.25 2 0
github.com/rossigee/provider-cloudflare/apis/transform/v1alpha1/zz_generated.managedlist.go:25.25,27.3 1 0
github.com/rossigee/provider-cloudflare/apis/transform/v1alpha1/zz_generated.managedlist.go:28.2,28.14 1 0
github.com/rossigee/provider-cloudflare/apis/transform/v1alpha1/zz_generated.resolvers.go:29.79,45.16 5 0
github.com/rossigee/provider-cloudflare/apis/transform/v1alpha1/zz_generated.resolvers.go:45.16,47.3 1 0
github.com/rossigee/provider-cloudflare/apis/transform/v1alpha1/zz_generated.resolvers.go:48.2,51.12 3 0
github.com/rossigee/provider-cloudflare/apis/firewall/v1alpha1/filter_types.go:105.80,116.16 3 0
github.com/rossigee/provider-cloudflare/apis/firewall/v1alpha1/filter_types.go:116.16,118.3 1 0
github.com/rossigee/provider-cloudflare/apis/firewall/v1alpha1/filter_types.go:119.2,121.12 3 0
github.com/rossigee/provider-cloudflare/apis/firewall/v1alpha1/register.go:56.13,59.2 2 0
github.com/rossigee/provider-cloudflare/apis/firewall/v1alpha1/rule_types.go:142.79,153.16 3 0
github.com/rossigee/provider-cloudflare/apis/firewall/v1alpha1/rule_types.go:153.16,155.3 1 0
github.com/rossigee/provider-cloudflare/apis/firewall/v1alpha1/rule_types.go:156.2,172.16 4 0
github.com/rossigee/provider-cloudflare/apis/firewall/v1alpha1/rule_types.go:172.16,174.3 1 0
github.com/rossigee/provider-cloudflare/apis/firewall/v1alpha1/rule_types.go:175.2,177.12 3 0
github.com/rossigee/provider-cloudflare/apis/firewall/v1alpha1/zz_generated.deepcopy.go:29.45,35.2 5 0
github.com/rossigee/provider-cloudflare/apis/firewall/v1alpha1/zz_generated.deepcopy.go:38.38,39.15 1 0
github.com/rossigee/provider-cloudflare/apis/firewall/v1alpha1/zz_generated.deepcopy.go:39.15,41.3 1 0
github.com/rossigee/provider-cloudflare/apis/firewall/v1alpha1/zz_generated.deepcopy.go:42.2,44.12 3 0
github.com/rossigee/provider-cloudflare/apis/firewall/v1alpha1/zz_generated.deepcopy.go:48.51,49.34 1 0
github.com/rossigee/provider-cloudflare/apis/firewall/v1alpha1/zz_generated.deepcopy.go:49.34,51.3 1 0
github.com/rossigee/provider-cloudflare/apis/firewall/v1alpha1/zz_generated.deepcopy.go:52.2,52.12 1 0
github.com/rossigee/provider-cloudflare/apis/firewall/v1alpha1/zz_generated.deepcopy.go:56.53,60.21 4 0
github.com/rossigee/provider-cloudflare/apis/firewall/v1alpha1/zz_generated.deepcopy.go:60.21,63.22 3 0
github.com/rossigee/provider-cloudflare/apis/firewall/v1alpha1/zz_generated.deepcopy.go:63.22,65.4 1 0
github.com/rossigee/provider-cloudflare/apis/firewall/v1alpha1/zz_generated.deepcopy.go:70.46,71.15 1 0
github.com/rossigee/provider-cloudflare/apis/firewall/v1alpha1/zz_generated.deepcopy.go:71.15,73.3 1 0
github.com/rossigee/provider-cloudflare/apis/firewall/v1alpha1/zz_generated.deepcopy.go:74.2,76.12 3 0
github.com/rossigee/provider-cloudflare/apis/firewall/v1alpha1/zz_generated.deepcopy.go:80.55,81.34 1 0
github.com/rossigee/provider-cloudflare/apis/firewall/v1alpha1/zz_generated.deepcopy.go:81.34,83.3 1 0
github.com/rossigee/provider-cloudflare/apis/firewall/v1alpha1/zz_generated.deepcopy.go:84.2,84.12 1 0
github.com/rossigee/provider-cloudflare/apis/firewall/v1alpha1/zz_generated.deepcopy.go:88.67,90.2 1 0
github.com/rossigee/provider-cloudflare/apis/firewall/v1alpha1/zz_generated.deepcopy.go:93.60,94.15 1 0
github.com/rossigee/provider-cloudflare/apis/firewall/v1alpha1/zz_generated.deepcopy.go:94.15,96.3 1 0
github.com/rossigee/provider-cloudflare/apis/firewall/v1alpha1/zz_generated.deepcopy.go:97.2,99.12 3 0
github.com/rossigee/provider-cloudflare/apis/firewall/v1alpha1/zz_generated.deepcopy.go:103.65,105.27 2 0
github.com/rossigee/provider-cloudflare/apis/firewall/v1alpha1/zz_generated.deepcopy.go:105.27,109.3 3 0
github.com/rossigee/provider-cloudflare/apis/firewall/v1alpha1/zz_generated.deepcopy.go:110.2,110.22 1 0
github.com/rossigee/provider-cloudflare/apis/firewall/v1alpha1/zz_generated.deepcopy.go:110.22,114.3 3 0
github.com/rossigee/provider-cloudflare/apis/firewall/v1alpha1/zz_generated.deepcopy.go:115.2,115.20 1 0
github.com/rossigee/provider-cloudflare/apis/firewall/v1alpha1/zz_generated.deepcopy.go:115.20,119.3 3 0
github.com/rossigee/provider-cloudflare/apis/firewall/v1alpha1/zz_generated.deepcopy.go:120.2,120.23 1 0
github.com/rossigee/provider-cloudflare/apis/firewall/v1alpha1/zz_generated.deepcopy.go:120.23,124.3 3 0
github.com/rossigee/provider-cloudflare/apis/firewall/v1alpha1/zz_generated.deepcopy.go:125.2,125.28 1 0
github.com/rossigee/provider-cloudflare/apis/firewall/v1alpha1/zz_generated.deepcopy.go:125.28,129.3 3 0
github.com/rossigee/provider-cloudflare/apis/firewall/v1alpha1/zz_generated.deepcopy.go:133.58,134.15 1 0
github.com/rossigee/provider-cloudflare/apis/firewall/v1alpha1/zz_generated.deepcopy.go:134.15,136.3 1 0
github.com/rossigee/provider-cloudflare/apis/firewall/v1alpha1/zz_generated.deepcopy.go:137.2,139.12 3 0
github.com/rossigee/provider-cloudflare/apis/firewall/v1alpha1/zz_generated.deepcopy.go:143.53,147.2 3 0
github.com/rossigee/provider-cloudflare/apis/firewall/v1alpha1/zz_generated.deepcopy.go:150.46,151.15 1 0
github.com/rossigee/provider-cloudflare/apis/firewall/v1alpha1/zz_generated.deepcopy.go:151.15,153.3 1 0
github.com/rossigee/provider-cloudflare/apis/firewall/v1alpha1/zz_generated.deepcopy.go:154.2,156.12 3 0
github.com/rossigee/provider-cloudflare/apis/firewall/v1alpha1/zz_generated.deepcopy.go:160.57,164.2 3 0
github.com/rossigee/provider-cloudflare/apis/firewall/v1alpha1/zz_generated.deepcopy.go:167.50,168.15 1 0
github.com/rossigee/provider-cloudflare/apis/firewall/v1alpha1/zz_generated.deepcopy.go:168.15,170.3 1 0
github.com/rossigee/provider-cloudflare/apis/firewall/v1alpha1/zz_generated.deepcopy.go:171.2,173.12 3 0
github.com/rossigee/provider-cloudflare/apis/firewall/v1alpha1/zz_generated.deepcopy.go:177.41,183.2 5 0
github.com/rossigee/provider-cloudflare/apis/firewall/v1alpha1/zz_generated.deepcopy.go:186.34,187.15 1 0
github.com/rossigee/provider-cloudflare/apis/firewall/v1alpha1/zz_generated.deepcopy.go:187.15,189.3 1 0
github.com/rossigee/provider-cloudflare/apis/firewall/v1alpha1/zz_generated.deepcopy.go:190.2,192.12 3 0
github.com/rossigee/provider-cloudflare/apis/firewall/v1alpha1/zz_generated.deepcopy.go:196.49,197.34 1 0
github.com/rossigee/provider-cloudflare/apis/firewall/v1alpha1/zz_generated.deepcopy.go:197.34,199.3 1 0
github.com/rossigee/provider-cloudflare/apis/firewall/v1alpha1/zz_generated.deepcopy.go:200.2,200.12 1 0
github.com/rossigee/provider-cloudflare/apis/firewall/v1alpha1/zz_generated.deepcopy.go:204.49,208.21 4 0
github.com/rossigee/provider-cloudflare/apis/firewall/v1alpha1/zz_generated.deepcopy.go:208.21,211.22 3 0
github.com/rossigee/provider-cloudflare/apis/firewall/v1alpha1/zz_generated.deepcopy.go:211.22,213.4 1 0
github.com/rossigee/provider-cloudflare/apis/firewall/v1alpha1/zz_generated.deepcopy.go:218.42,219.15 1 0
github.com/rossigee/provider-cloudflare/apis/firewall/v1alpha1/zz_generated.deepcopy.go:219.15,221.3 1 0
github.com/rossigee/provider-cloudflare/apis/firewall/v1alpha1/zz_generated.deepcopy.go:222.2,224.12 3 0
github.com/rossigee/provider-cloudflare/apis/firewall/v1alpha1/zz_generated.deepcopy.go:228.53,229.34 1 0
github.com/rossigee/provider-cloudflare/apis/firewall/v1alpha1/zz_generated.deepcopy.go:229.34,231.3 1 0
github.com/rossigee/provider-cloudflare/apis/firewall/v1alpha1/zz_generated.deepcopy.go:232.2,232.12 1 0
github.com/rossigee/provider-cloudflare/apis/firewall/v1alpha1/zz_generated.deepcopy.go:236.63,238.2 1 0
github.com/rossigee/provider-cloudflare/apis/firewall/v1alpha1/zz_generated.deepcopy.go:241.56,242.15 1 0
github.com/rossigee/provider-cloudflare/apis/firewall/v1alpha1/zz_generated.deepcopy.go:242.15,244.3 1 0
github.com/rossigee/provider-cloudflare/apis/firewall/v1alpha1/zz_generated.deepcopy.go:245.2,247.12 3 0
github.com/rossigee/provider-cloudflare/apis/firewall/v1alpha1/zz_generated.deepcopy.go:251.61,253.30 2 0
github.com/rossigee/provider-cloudflare/apis/firewall/v1alpha1/zz_generated.deepcopy.go:253.30,257.3 3 0
github.com/rossigee/provider-cloudflare/apis/firewall/v1alpha1/zz_generated.deepcopy.go:258.2,258.27 1 0
github.com/rossigee/provider-cloudflare/apis/firewall/v1alpha1/zz_generated.deepcopy.go:258.27,262.3 3 0
github.com/rossigee/provider-cloudflare/apis/firewall/v1alpha1/zz_generated.deepcopy.go:263.2,263.22 1 0
github.com/rossigee/provider-cloudflare/apis/firewall/v1alpha1/zz_generated.deepcopy.go:263.22,267.3 3 0
github.com/rossigee/provider-cloudflare/apis/firewall/v1alpha1/zz_generated.deepcopy.go:268.2,268.25 1 0
github.com/rossigee/provider-cloudflare/apis/firewall/v1alpha1/zz_generated.deepcopy.go:268.25,272.3 3 0
github.com/rossigee/provider-cloudflare/apis/firewall/v1alpha1/zz_generated.deepcopy.go:273.2,273.30 1 0
github.com/rossigee/provider-cloudflare/apis/firewall/v1alpha1/zz_generated.deepcopy.go:273.30,277.3 3 0
github.com/rossigee/provider-cloudflare/apis/firewall/v1alpha1/zz_generated.deepcopy.go:278.2,278.22 1 0
github.com/rossigee/provider-cloudflare/apis/firewall/v1alpha1/zz_generated.deepcopy.go:278.22,282.3 3 0
github.com/rossigee/provider-cloudflare/apis/firewall/v1alpha1/zz_generated.deepcopy.go:283.2,283.24 1 0
github.com/rossigee/provider-cloudflare/apis/firewall/v1alpha1/zz_generated.deepcopy.go:283.24,287.3 3 0
github.com/rossigee/provider-cloudflare/apis/firewall/v1alpha1/zz_generated.deepcopy.go:288.2,288.20 1 0
github.com/rossigee/provider-cloudflare/apis/firewall/v1alpha1/zz_generated.deepcopy.go:288.20,292.3 3 0
github.com/rossigee/provider-cloudflare/apis/firewall/v1alpha1/zz_generated.deepcopy.go:293.2,293.23 1 0
github.com/rossigee/provider-cloudflare/apis/firewall/v1alpha1/zz_generated.deepcopy.go:293.23,297.3 3 0
github.com/rossigee/provider-cloudflare/apis/firewall/v1alpha1/zz_generated.deepcopy.go:298.2,298.28 1 0
github.com/rossigee/provider-cloudflare/apis/firewall/v1alpha1/zz_generated.deepcopy.go:298.28,302.3 3 0
github.com/rossigee/provider-cloudflare/apis/firewall/v1alpha1/zz_generated.deepcopy.go:306.54,307.15 1 0
github.com/rossigee/provider-cloudflare/apis/firewall/v1alpha1/zz_generated.deepcopy.go:307.15,309.3 1 0
github.com/rossigee/provider-cloudflare/apis/firewall/v1alpha1/zz_generated.deepcopy.go:310.2,312.12 3 0
github.com/rossigee/provider-cloudflare/apis/firewall/v1alpha1/zz_generated.deepcopy.go:316.49,320.2 3 0
github.com/rossigee/provider-cloudflare/apis/firewall/v1alpha1/zz_generated.deepcopy.go:323.42,324.15 1 0
github.com/rossigee/provider-cloudflare/apis/firewall/v1alpha1/zz_generated.deepcopy.go:324.15,326.3 1 0
github.com/rossigee/provider-cloudflare/apis/firewall/v1alpha1/zz_generated.deepcopy.go:327.2,329.12 3 0
github.com/rossigee/provider-cloudflare/apis/firewall/v1alpha1/zz_generated.deepcopy.go:333.53,337.2 3 0
github.com/rossigee/provider-cloudflare/apis/firewall/v1alpha1/zz_generated.deepcopy.go:340.46,341.15 1 0
github.com/rossigee/provider-cloudflare/apis/firewall/v1alpha1/zz_generated.deepcopy.go:341.15,343.3 1 0
github.com/rossigee/provider-cloudflare/apis/firewall/v1alpha1/zz_generated.deepcopy.go:344.2,346.12 3 0
github.com/rossigee/provider-cloudflare/apis/firewall/v1alpha1/zz_generated.managed.go:23.70,25.2 1 0
github.com/rossigee/provider-cloudflare/apis/firewall/v1alpha1/zz_generated.managed.go:28.59,30.2 1 0
github.com/rossigee/provider-cloudflare/apis/firewall/v1alpha1/zz_generated.managed.go:33.67,35.2 1 0
github.com/rossigee/provider-cloudflare/apis/firewall/v1alpha1/zz_generated.managed.go:38.64,40.2 1 0
github.com/rossigee/provider-cloudflare/apis/firewall/v1alpha1/zz_generated.managed.go:43.84,45.2 1 0
github.com/rossigee/provider-cloudflare/apis/firewall/v1alpha1/zz_generated.managed.go:48.79,50.2 1 0
github.com/rossigee/provider-cloudflare/apis/firewall/v1alpha1/zz_generated.managed.go:53.54,55.2 1 0
github.com/rossigee/provider-cloudflare/apis/firewall/v1alpha1/zz_generated.managed.go:58.60,60.2 1 0
github.com/rossigee/provider-cloudflare/apis/firewall/v1alpha1/zz_generated.managed.go:63.68,65.2 1 0
github.com/rossigee/provider-cloudflare/apis/firewall/v1alpha1/zz_generated.managed.go:68.65,70.2 1 0
github.com/rossigee/provider-cloudflare/apis/firewall/v1alpha1/zz_generated.managed.go:73.85,75.2 1 0
github.com/rossigee/provider-cloudflare/apis/firewall/v1alpha1/zz_generated.managed.go:78.80,80.2 1 0
github.com/rossigee/provider-cloudflare/apis/firewall/v1alpha1/zz_generated.managed.go:83.68,85.2 1 0
github.com/rossigee/provider-cloudflare/apis/firewall/v1alpha1/zz_generated.managed.go:88.57,90.2 1 0
github.com/rossigee/provider-cloudflare/apis/firewall/v1alpha1/zz_generated.managed.go:93.65,95.2 1 0
github.com/rossigee/provider-cloudflare/apis/firewall/v1alpha1/zz_generated.managed.go:98.62,100.2 1 0
github.com/rossigee/provider-cloudflare/apis/firewall/v1alpha1/zz_generated.managed.go:103.82,105.2 1 0
github.com/rossigee/provider-cloudflare/apis/firewall/v1alpha1/zz_generated.managed.go:108.77,110.2 1 0
github.com/rossigee/provider-cloudflare/apis/firewall/v1alpha1/zz_generated.managed.go:113.52,115.2 1 0
github.com/rossigee/provider-cloudflare/apis/firewall/v1alpha1/zz_generated.managed.go:118.58,120.2 1 0
github.com/rossigee/provider-cloudflare/apis/firewall/v1alpha1/zz_generated.managed.go:123.66,125.2 1 0
github.com/rossigee/provider-cloudflare/apis/firewall/v1alpha1/zz_generated.managed.go:128.63,130.2 1 0
github.com/rossigee/provider-cloudflare/apis/firewall/v1alpha1/zz_generated.managed.go:133.83,135.2 1 0
github.com/rossigee/provider-cloudflare/apis/firewall/v1alpha1/zz_generated.managed.go:138.78,140.2 1 0
github.com/rossigee/provider-cloudflare/apis/firewall/v1alpha1/zz_generated.managedlist.go:23.52,25.25 2 0
github.com/rossigee/provider-cloudflare/apis/firewall/v1alpha1/zz_generated.managedlist.go:25.25,27.3 1 0
github.com/rossigee/provider-cloudflare/apis/firewall/v1alpha1/zz_generated.managedlist.go:28.2,28.14 1 0
github.com/rossigee/provider-cloudflare/apis/firewall/v1alpha1/zz_generated.managedlist.go:32.50,34.25 2 0
github.com/rossigee/provider-cloudflare/apis/firewall/v1alpha1/zz_generated.managedlist.go:34.25,36.3 1 0
github.com/rossigee/provider-cloudflare/apis/firewall/v1alpha1/zz_generated.managedlist.go:37.2,37.14 1 0
github.com/rossigee/provider-cloudflare/apis/loadbalancing/v1alpha1/register.go:64.13,68.2 3 0
github.com/rossigee/provider-cloudflare/apis/loadbalancing/v1alpha1/zz_generated.deepcopy.go:29.63,31.35 2 0
github.com/rossigee/provider-cloudflare/apis/loadbalancing/v1alpha1/zz_generated.deepcopy.go:31.35,35.3 3 0
github.com/rossigee/provider-cloudflare/apis/loadbalancing/v1alpha1/zz_generated.deepcopy.go:39.56,40.15 1 0
github.com/rossigee/provider-cloudflare/apis/loadbalancing/v1alpha1/zz_generated.deepcopy.go:40.15,42.3 1 0
github.com/rossigee/provider-cloudflare/apis/loadbalancing/v1alpha1/zz_generated.deepcopy.go:43.2,45.12 3 0
github.com/rossigee/provider-cloudflare/apis/loadbalancing/v1alpha1/zz_generated.deepcopy.go:49.57,55.2 5 0
github.com/rossigee/provider-cloudflare/apis/loadbalancing/v1alpha1/zz_generated.deepcopy.go:58.50,59.15 1 0
github.com/rossigee/provider-cloudflare/apis/loadbalancing/v1alpha1/zz_generated.deepcopy.go:59.15,61.3 1 0
github.com/rossigee/provider-cloudflare/apis/loadbalancing/v1alpha1/zz_generated.deepcopy.go:62.2,64.12 3 0
github.com/rossigee/provider-cloudflare/apis/loadbalancing/v1alpha1/zz_generated.deepcopy.go:68.57,69.34 1 0
github.com/rossigee/provider-cloudflare/apis/loadbalancing/v1alpha1/zz_generated.deepcopy.go:69.34,71.3 1 0
github.com/rossigee/provider-cloudflare/apis/loadbalancing/v1alpha1/zz_generated.deepcopy.go:72.2,72.12 1 0
github.com/rossigee/provider-cloudflare/apis/loadbalancing/v1alpha1/zz_generated.deepcopy.go:76.83,78.27 2 0
github.com/rossigee/provider-cloudflare/apis/loadbalancing/v1alpha1/zz_generated.deepcopy.go:78.27,82.3 3 0
github.com/rossigee/provider-cloudflare/apis/loadbalancing/v1alpha1/zz_generated.deepcopy.go:83.2,83.26 1 0
github.com/rossigee/provider-cloudflare/apis/loadbalancing/v1alpha1/zz_generated.deepcopy.go:83.26,87.3 3 0
github.com/rossigee/provider-cloudflare/apis/loadbalancing/v1alpha1/zz_generated.deepcopy.go:88.2,88.27 1 0
github.com/rossigee/provider-cloudflare/apis/loadbalancing/v1alpha1/zz_generated.deepcopy.go:88.27,92.3 3 0
github.com/rossigee/provider-cloudflare/apis/loadbalancing/v1alpha1/zz_generated.deepcopy.go:93.2,93.24 1 0
github.com/rossigee/provider-cloudflare/apis/loadbalancing/v1alpha1/zz_generated.deepcopy.go:93.24,97.3 3 0
github.com/rossigee/provider-cloudflare/apis/loadbalancing/v1alpha1/zz_generated.deepcopy.go:101.76,102.15 1 0
github.com/rossigee/provider-cloudflare/apis/loadbalancing/v1alpha1/zz_generated.deepcopy.go:102.15,104.3 1 0
github.com/rossigee/provider-cloudflare/apis/loadbalancing/v1alpha1/zz_generated.deepcopy.go:105.2,107.12 3 0
github.com/rossigee/provider-cloudflare/apis/loadbalancing/v1alpha1/zz_generated.deepcopy.go:111.65,115.21 4 0
github.com/rossigee/provider-cloudflare/apis/loadbalancing/v1alpha1/zz_generated.deepcopy.go:115.21,118.22 3 0
github.com/rossigee/provider-cloudflare/apis/loadbalancing/v1alpha1/zz_generated.deepcopy.go:118.22,120.4 1 0
github.com/rossigee/provider-cloudflare/apis/loadbalancing/v1alpha1/zz_generated.deepcopy.go:125.58,126.15 1 0
github.com/rossigee/provider-cloudflare/apis/loadbalancing/v1alpha1/zz_generated.deepcopy.go:126.15,128.3 1 0
github.com/rossigee/provider-cloudflare/apis/loadbalancing/v1alpha1/zz_generated.deepcopy.go:129.2,131.12 3 0
github.com/rossigee/provider-cloudflare/apis/loadbalancing/v1alpha1/zz_generated.deepcopy.go:135.61,136.34 1 0
[...]
github.com/rossigee/provider-cloudflare/internal/controller/sslsaas/customhostname.go:129.9,131.3 1 1
github.com/rossigee/provider-cloudflare/internal/controller/sslsaas/customhostname.go:133.2,133.37 1 1
github.com/rossigee/provider-cloudflare/internal/controller/sslsaas/customhostname.go:133.37,135.3 1 1
github.com/rossigee/provider-cloudflare/internal/controller/sslsaas/customhostname.go:138.2,139.16 2 1
github.com/rossigee/provider-cloudflare/internal/controller/sslsaas/customhostname.go:139.16,141.3 1 1
github.com/rossigee/provider-cloudflare/internal/controller/sslsaas/customhostname.go:143.2,145.16 2 1
github.com/rossigee/provider-cloudflare/internal/controller/sslsaas/customhostname.go:145.16,146.51 1 1
github.com/rossigee/provider-cloudflare/internal/controller/sslsaas/customhostname.go:146.51,148.4 1 1
github.com/rossigee/provider-cloudflare/internal/controller/sslsaas/customhostname.go:149.3,149.82 1 1
github.com/rossigee/provider-cloudflare/internal/controller/sslsaas/customhostname.go:152.2,165.63 2 1
github.com/rossigee/provider-cloudflare/internal/controller/sslsaas/customhostname.go:165.63,167.3 1 1
github.com/rossigee/provider-cloudflare/internal/controller/sslsaas/customhostname.go:169.2,172.8 1 1
github.com/rossigee/provider-cloudflare/internal/controller/sslsaas/customhostname.go:175.117,177.9 2 1
github.com/rossigee/provider-cloudflare/internal/controller/sslsaas/customhostname.go:177.9,179.3 1 1
github.com/rossigee/provider-cloudflare/internal/controller/sslsaas/customhostname.go:184.2,185.39 1 1
github.com/rossigee/provider-cloudflare/internal/controller/sslsaas/customhostname.go:185.39,187.3 1 1
github.com/rossigee/provider-cloudflare/internal/controller/sslsaas/customhostname.go:189.2,197.16 3 1
github.com/rossigee/provider-cloudflare/internal/controller/sslsaas/customhostname.go:197.16,199.3 1 1
github.com/rossigee/provider-cloudflare/internal/controller/sslsaas/customhostname.go:201.2,204.40 3 1
github.com/rossigee/provider-cloudflare/internal/controller/sslsaas/customhostname.go:207.115,209.9 2 1
github.com/rossigee/provider-cloudflare/internal/controller/sslsaas/customhostname.go:209.9,211.3 1 1
github.com/rossigee/provider-cloudflare/internal/controller/sslsaas/customhostname.go:213.2,214.39 1 1
github.com/rossigee/provider-cloudflare/internal/controller/sslsaas/customhostname.go:214.39,216.3 1 1
github.com/rossigee/provider-cloudflare/internal/controller/sslsaas/customhostname.go:218.2,221.16 2 1
github.com/rossigee/provider-cloudflare/internal/controller/sslsaas/customhostname.go:221.16,223.3 1 1
github.com/rossigee/provider-cloudflare/internal/controller/sslsaas/customhostname.go:225.2,235.4 2 1
github.com/rossigee/provider-cloudflare/internal/controller/sslsaas/customhostname.go:238.89,240.9 2 1
github.com/rossigee/provider-cloudflare/internal/controller/sslsaas/customhostname.go:240.9,242.3 1 1
github.com/rossigee/provider-cloudflare/internal/controller/sslsaas/customhostname.go:244.2,244.37 1 1
github.com/rossigee/provider-cloudflare/internal/controller/sslsaas/customhostname.go:244.37,246.3 1 1
github.com/rossigee/provider-cloudflare/internal/controller/sslsaas/customhostname.go:248.2,251.16 2 1
github.com/rossigee/provider-cloudflare/internal/controller/sslsaas/customhostname.go:251.16,253.3 1 1
github.com/rossigee/provider-cloudflare/internal/controller/sslsaas/customhostname.go:255.2,257.29 1 1
github.com/rossigee/provider-cloudflare/internal/controller/sslsaas/fallbackorigin.go:57.94,70.83 4 0
github.com/rossigee/provider-cloudflare/internal/controller/sslsaas/fallbackorigin.go:70.83,72.5 1 0
github.com/rossigee/provider-cloudflare/internal/controller/sslsaas/fallbackorigin.go:81.2,85.14 1 0
github.com/rossigee/provider-cloudflare/internal/controller/sslsaas/fallbackorigin.go:97.117,99.9 2 0
github.com/rossigee/provider-cloudflare/internal/controller/sslsaas/fallbackorigin.go:99.9,101.3 1 0
github.com/rossigee/provider-cloudflare/internal/controller/sslsaas/fallbackorigin.go:104.2,105.16 2 0
github.com/rossigee/provider-cloudflare/internal/controller/sslsaas/fallbackorigin.go:105.16,107.3 1 0
github.com/rossigee/provider-cloudflare/internal/controller/sslsaas/fallbackorigin.go:109.2,110.16 2 0
github.com/rossigee/provider-cloudflare/internal/controller/sslsaas/fallbackorigin.go:110.16,112.3 1 0
github.com/rossigee/provider-cloudflare/internal/controller/sslsaas/fallbackorigin.go:114.2,114.53 1 0
github.com/rossigee/provider-cloudflare/internal/controller/sslsaas/fallbackorigin.go:123.121,125.9 2 0
github.com/rossigee/provider-cloudflare/internal/controller/sslsaas/fallbackorigin.go:125.9,127.3 1 0
github.com/rossigee/provider-cloudflare/internal/controller/sslsaas/fallbackorigin.go:129.2,129.37 1 0
github.com/rossigee/provider-cloudflare/internal/controller/sslsaas/fallbackorigin.go:129.37,131.3 1 0
github.com/rossigee/provider-cloudflare/internal/controller/sslsaas/fallbackorigin.go:134.2,138.16 4 0
github.com/rossigee/provider-cloudflare/internal/controller/sslsaas/fallbackorigin.go:138.16,139.51 1 0
github.com/rossigee/provider-cloudflare/internal/controller/sslsaas/fallbackorigin.go:139.51,141.4 1 0
github.com/rossigee/provider-cloudflare/internal/controller/sslsaas/fallbackorigin.go:142.3,142.82 1 0
github.com/rossigee/provider-cloudflare/internal/controller/sslsaas/fallbackorigin.go:145.2,151.8 3 0
github.com/rossigee/provider-cloudflare/internal/controller/sslsaas/fallbackorigin.go:154.117,156.9 2 0
github.com/rossigee/provider-cloudflare/internal/controller/sslsaas/fallbackorigin.go:156.9,158.3 1 0
github.com/rossigee/provider-cloudflare/internal/controller/sslsaas/fallbackorigin.go:160.2,160.37 1 0
github.com/rossigee/provider-cloudflare/internal/controller/sslsaas/fallbackorigin.go:160.37,162.3 1 0
github.com/rossigee/provider-cloudflare/internal/controller/sslsaas/fallbackorigin.go:164.2,170.16 5 0
github.com/rossigee/provider-cloudflare/internal/controller/sslsaas/fallbackorigin.go:170.16,172.3 1 0
github.com/rossigee/provider-cloudflare/internal/controller/sslsaas/fallbackorigin.go:174.2,177.40 3 0
github.com/rossigee/provider-cloudflare/internal/controller/sslsaas/fallbackorigin.go:180.115,182.9 2 0
github.com/rossigee/provider-cloudflare/internal/controller/sslsaas/fallbackorigin.go:182.9,184.3 1 0
github.com/rossigee/provider-cloudflare/internal/controller/sslsaas/fallbackorigin.go:186.2,186.37 1 0
github.com/rossigee/provider-cloudflare/internal/controller/sslsaas/fallbackorigin.go:186.37,188.3 1 0
github.com/rossigee/provider-cloudflare/internal/controller/sslsaas/fallbackorigin.go:190.2,194.76 4 0
github.com/rossigee/provider-cloudflare/internal/controller/sslsaas/fallbackorigin.go:197.89,199.9 2 0
github.com/rossigee/provider-cloudflare/internal/controller/sslsaas/fallbackorigin.go:199.9,201.3 1 0
github.com/rossigee/provider-cloudflare/internal/controller/sslsaas/fallbackorigin.go:203.2,203.37 1 0
github.com/rossigee/provider-cloudflare/internal/controller/sslsaas/fallbackorigin.go:203.37,205.3 1 0
github.com/rossigee/provider-cloudflare/internal/controller/sslsaas/fallbackorigin.go:207.2,211.52 3 0
github.com/rossigee/provider-cloudflare/internal/controller/sslsaas/setup.go:28.80,32.4 1 0
github.com/rossigee/provider-cloudflare/internal/controller/sslsaas/setup.go:32.4,33.43 1 0
github.com/rossigee/provider-cloudflare/internal/controller/sslsaas/setup.go:33.43,35.4 1 0
github.com/rossigee/provider-cloudflare/internal/controller/sslsaas/setup.go:37.2,37.12 1 0
github.com/rossigee/provider-cloudflare/internal/controller/transform/rule.go:57.80,70.85 4 0
github.com/rossigee/provider-cloudflare/internal/controller/transform/rule.go:70.85,72.5 1 0
github.com/rossigee/provider-cloudflare/internal/controller/transform/rule.go:82.2,86.14 1 0
github.com/rossigee/provider-cloudflare/internal/controller/transform/rule.go:98.103,100.9 2 1
github.com/rossigee/provider-cloudflare/internal/controller/transform/rule.go:100.9,102.3 1 1
github.com/rossigee/provider-cloudflare/internal/controller/transform/rule.go:105.2,106.16 2 1
github.com/rossigee/provider-cloudflare/internal/controller/transform/rule.go:106.16,108.3 1 1
github.com/rossigee/provider-cloudflare/internal/controller/transform/rule.go:110.2,111.16 2 1
github.com/rossigee/provider-cloudflare/internal/controller/transform/rule.go:111.16,113.3 1 0
github.com/rossigee/provider-cloudflare/internal/controller/transform/rule.go:115.2,115.39 1 1
github.com/rossigee/provider-cloudflare/internal/controller/transform/rule.go:124.107,126.9 2 1
github.com/rossigee/provider-cloudflare/internal/controller/transform/rule.go:126.9,128.3 1 1
github.com/rossigee/provider-cloudflare/internal/controller/transform/rule.go:131.2,132.15 2 1
github.com/rossigee/provider-cloudflare/internal/controller/transform/rule.go:132.15,134.3 1 1
github.com/rossigee/provider-cloudflare/internal/controller/transform/rule.go:136.2,136.37 1 1
github.com/rossigee/provider-cloudflare/internal/controller/transform/rule.go:136.37,138.3 1 1
github.com/rossigee/provider-cloudflare/internal/controller/transform/rule.go:140.2,141.16 2 1
github.com/rossigee/provider-cloudflare/internal/controller/transform/rule.go:141.16,142.40 1 1
github.com/rossigee/provider-cloudflare/internal/controller/transform/rule.go:142.40,144.4 1 1
github.com/rossigee/provider-cloudflare/internal/controller/transform/rule.go:145.3,145.72 1 1
github.com/rossigee/provider-cloudflare/internal/controller/transform/rule.go:148.2,154.8 3 1
github.com/rossigee/provider-cloudflare/internal/controller/transform/rule.go:157.103,159.9 2 1
github.com/rossigee/provider-cloudflare/internal/controller/transform/rule.go:159.9,161.3 1 1
github.com/rossigee/provider-cloudflare/internal/controller/transform/rule.go:163.2,163.37 1 1
github.com/rossigee/provider-cloudflare/internal/controller/transform/rule.go:163.37,165.3 1 1
github.com/rossigee/provider-cloudflare/internal/controller/transform/rule.go:167.2,170.16 3 1
github.com/rossigee/provider-cloudflare/internal/controller/transform/rule.go:170.16,172.3 1 1
github.com/rossigee/provider-cloudflare/internal/controller/transform/rule.go:175.2,178.40 3 1
github.com/rossigee/provider-cloudflare/internal/controller/transform/rule.go:181.101,183.9 2 1
github.com/rossigee/provider-cloudflare/internal/controller/transform/rule.go:183.9,185.3 1 1
github.com/rossigee/provider-cloudflare/internal/controller/transform/rule.go:187.2,188.15 2 1
github.com/rossigee/provider-cloudflare/internal/controller/transform/rule.go:188.15,190.3 1 1
github.com/rossigee/provider-cloudflare/internal/controller/transform/rule.go:192.2,192.37 1 1
github.com/rossigee/provider-cloudflare/internal/controller/transform/rule.go:192.37,194.3 1 1
github.com/rossigee/provider-cloudflare/internal/controller/transform/rule.go:196.2,197.16 2 1
github.com/rossigee/provider-cloudflare/internal/controller/transform/rule.go:197.16,199.3 1 1
github.com/rossigee/provider-cloudflare/internal/controller/transform/rule.go:201.2,203.38 2 1
github.com/rossigee/provider-cloudflare/internal/controller/transform/rule.go:206.75,208.9 2 1
github.com/rossigee/provider-cloudflare/internal/controller/transform/rule.go:208.9,210.3 1 1
github.com/rossigee/provider-cloudflare/internal/controller/transform/rule.go:212.2,212.37 1 1
github.com/rossigee/provider-cloudflare/internal/controller/transform/rule.go:212.37,214.3 1 1
github.com/rossigee/provider-cloudflare/internal/controller/transform/rule.go:216.2,217.15 2 1
github.com/rossigee/provider-cloudflare/internal/controller/transform/rule.go:217.15,219.3 1 1
github.com/rossigee/provider-cloudflare/internal/controller/transform/rule.go:221.2,222.42 2 1
github.com/rossigee/provider-cloudflare/internal/controller/workers/route.go:57.80,70.76 4 0
github.com/rossigee/provider-cloudflare/internal/controller/workers/route.go:70.76,72.5 1 0
github.com/rossigee/provider-cloudflare/internal/controller/workers/route.go:81.2,85.14 1 0
github.com/rossigee/provider-cloudflare/internal/controller/workers/route.go:97.103,99.9 2 1
github.com/rossigee/provider-cloudflare/internal/controller/workers/route.go:99.9,101.3 1 1
github.com/rossigee/provider-cloudflare/internal/controller/workers/route.go:104.2,105.16 2 1
github.com/rossigee/provider-cloudflare/internal/controller/workers/route.go:105.16,107.3 1 1
github.com/rossigee/provider-cloudflare/internal/controller/workers/route.go:109.2,110.16 2 1
github.com/rossigee/provider-cloudflare/internal/controller/workers/route.go:110.16,112.3 1 0
github.com/rossigee/provider-cloudflare/internal/controller/workers/route.go:114.2,114.39 1 1
github.com/rossigee/provider-cloudflare/internal/controller/workers/route.go:123.107,125.9 2 1
github.com/rossigee/provider-cloudflare/internal/controller/workers/route.go:125.9,127.3 1 1
github.com/rossigee/provider-cloudflare/internal/controller/workers/route.go:130.2,131.15 2 1
github.com/rossigee/provider-cloudflare/internal/controller/workers/route.go:131.15,133.3 1 1
github.com/rossigee/provider-cloudflare/internal/controller/workers/route.go:135.2,135.37 1 1
github.com/rossigee/provider-cloudflare/internal/controller/workers/route.go:135.37,137.3 1 1
github.com/rossigee/provider-cloudflare/internal/controller/workers/route.go:139.2,141.16 2 1
github.com/rossigee/provider-cloudflare/internal/controller/workers/route.go:141.16,144.3 1 1
github.com/rossigee/provider-cloudflare/internal/controller/workers/route.go:146.2,152.8 3 1
github.com/rossigee/provider-cloudflare/internal/controller/workers/route.go:155.103,157.9 2 1
github.com/rossigee/provider-cloudflare/internal/controller/workers/route.go:157.9,159.3 1 1
github.com/rossigee/provider-cloudflare/internal/controller/workers/route.go:161.2,161.37 1 1
github.com/rossigee/provider-cloudflare/internal/controller/workers/route.go:161.37,163.3 1 1
github.com/rossigee/provider-cloudflare/internal/controller/workers/route.go:165.2,169.16 3 1
github.com/rossigee/provider-cloudflare/internal/controller/workers/route.go:169.16,171.3 1 1
github.com/rossigee/provider-cloudflare/internal/controller/workers/route.go:174.2,177.40 3 1
github.com/rossigee/provider-cloudflare/internal/controller/workers/route.go:180.101,182.9 2 1
github.com/rossigee/provider-cloudflare/internal/controller/workers/route.go:182.9,184.3 1 1
github.com/rossigee/provider-cloudflare/internal/controller/workers/route.go:186.2,187.15 2 1
github.com/rossigee/provider-cloudflare/internal/controller/workers/route.go:187.15,189.3 1 1
github.com/rossigee/provider-cloudflare/internal/controller/workers/route.go:191.2,191.37 1 1
github.com/rossigee/provider-cloudflare/internal/controller/workers/route.go:191.37,193.3 1 1
github.com/rossigee/provider-cloudflare/internal/controller/workers/route.go:195.2,196.67 2 1
github.com/rossigee/provider-cloudflare/internal/controller/workers/route.go:199.75,201.9 2 1
github.com/rossigee/provider-cloudflare/internal/controller/workers/route.go:201.9,203.3 1 1
github.com/rossigee/provider-cloudflare/internal/controller/workers/route.go:205.2,205.37 1 1
github.com/rossigee/provider-cloudflare/internal/controller/workers/route.go:205.37,207.3 1 1
github.com/rossigee/provider-cloudflare/internal/controller/workers/route.go:209.2,210.15 2 1
github.com/rossigee/provider-cloudflare/internal/controller/workers/route.go:210.15,212.3 1 1
github.com/rossigee/provider-cloudflare/internal/controller/workers/route.go:214.2,216.43 2 1
github.com/rossigee/provider-cloudflare/internal/metrics/metrics.go:62.13,69.2 1 0
github.com/rossigee/provider-cloudflare/internal/metrics/metrics.go:73.55,77.2 3 0
github.com/rossigee/provider-cloudflare/internal/metrics/metrics.go:80.54,89.29 6 0
github.com/rossigee/provider-cloudflare/internal/metrics/metrics.go:89.29,91.4 1 0
github.com/rossigee/provider-cloudflare/internal/metrics/metrics.go:92.28,94.4 1 0
github.com/rossigee/provider-cloudflare/internal/metrics/metrics.go:95.33,97.4 1 0
github.com/rossigee/provider-cloudflare/internal/metrics/metrics.go:98.32,100.4 1 0
github.com/rossigee/provider-cloudflare/internal/metrics/metrics.go:101.38,103.4 1 0
github.com/rossigee/provider-cloudflare/internal/metrics/metrics.go:104.37,106.4 1 0
github.com/rossigee/provider-cloudflare/internal/metrics/metrics.go:107.41,109.4 1 0
github.com/rossigee/provider-cloudflare/internal/metrics/metrics.go:112.2,118.3 1 0
github.com/rossigee/provider-cloudflare/internal/controller/zone/zone.go:61.80,74.74 4 0
github.com/rossigee/provider-cloudflare/internal/controller/zone/zone.go:74.74,76.5 1 0
github.com/rossigee/provider-cloudflare/internal/controller/zone/zone.go:85.2,89.14 1 0
github.com/rossigee/provider-cloudflare/internal/controller/zone/zone.go:101.103,103.9 2 1
github.com/rossigee/provider-cloudflare/internal/controller/zone/zone.go:103.9,105.3 1 1
github.com/rossigee/provider-cloudflare/internal/controller/zone/zone.go:108.2,109.16 2 1
github.com/rossigee/provider-cloudflare/internal/controller/zone/zone.go:109.16,111.3 1 1
github.com/rossigee/provider-cloudflare/internal/controller/zone/zone.go:113.2,114.16 2 1
github.com/rossigee/provider-cloudflare/internal/controller/zone/zone.go:114.16,116.3 1 0
github.com/rossigee/provider-cloudflare/internal/controller/zone/zone.go:118.2,118.39 1 1
github.com/rossigee/provider-cloudflare/internal/controller/zone/zone.go:128.60,131.9 2 1
github.com/rossigee/provider-cloudflare/internal/controller/zone/zone.go:131.9,133.3 1 1
github.com/rossigee/provider-cloudflare/internal/controller/zone/zone.go:136.2,137.15 2 1
github.com/rossigee/provider-cloudflare/internal/controller/zone/zone.go:137.15,139.3 1 1
github.com/rossigee/provider-cloudflare/internal/controller/zone/zone.go:141.2,142.16 2 1
github.com/rossigee/provider-cloudflare/internal/controller/zone/zone.go:142.16,145.3 1 1
github.com/rossigee/provider-cloudflare/internal/controller/zone/zone.go:147.2,149.53 2 1
github.com/rossigee/provider-cloudflare/internal/controller/zone/zone.go:149.53,151.3 1 0
github.com/rossigee/provider-cloudflare/internal/controller/zone/zone.go:151.8,153.3 1 1
github.com/rossigee/provider-cloudflare/internal/controller/zone/zone.go:155.2,156.89 2 1
github.com/rossigee/provider-cloudflare/internal/controller/zone/zone.go:156.89,159.3 1 0
github.com/rossigee/provider-cloudflare/internal/controller/zone/zone.go:161.2,165.8 1 1
github.com/rossigee/provider-cloudflare/internal/controller/zone/zone.go:168.103,170.9 2 1
github.com/rossigee/provider-cloudflare/internal/controller/zone/zone.go:170.9,172.3 1 1
github.com/rossigee/provider-cloudflare/internal/controller/zone/zone.go:174.2,180.42 2 1
github.com/rossigee/provider-cloudflare/internal/controller/zone/zone.go:180.42,184.3 1 0
github.com/rossigee/provider-cloudflare/internal/controller/zone/zone.go:189.2,189.37 1 1
github.com/rossigee/provider-cloudflare/internal/controller/zone/zone.go:189.37,191.3 1 0
github.com/rossigee/provider-cloudflare/internal/controller/zone/zone.go:193.2,200.16 2 1
github.com/rossigee/provider-cloudflare/internal/controller/zone/zone.go:200.16,202.3 1 1
github.com/rossigee/provider-cloudflare/internal/controller/zone/zone.go:204.2,208.40 3 1
github.com/rossigee/provider-cloudflare/internal/controller/zone/zone.go:211.101,213.9 2 1
github.com/rossigee/provider-cloudflare/internal/controller/zone/zone.go:213.9,215.3 1 1
github.com/rossigee/provider-cloudflare/internal/controller/zone/zone.go:217.2,219.15 2 1
github.com/rossigee/provider-cloudflare/internal/controller/zone/zone.go:219.15,221.3 1 1
github.com/rossigee/provider-cloudflare/internal/controller/zone/zone.go:223.2,230.17 1 1
github.com/rossigee/provider-cloudflare/internal/controller/zone/zone.go:233.75,235.9 2 1
github.com/rossigee/provider-cloudflare/internal/controller/zone/zone.go:235.9,237.3 1 1
github.com/rossigee/provider-cloudflare/internal/controller/zone/zone.go:239.2,242.15 2 1
github.com/rossigee/provider-cloudflare/internal/controller/zone/zone.go:242.15,244.3 1 1
github.com/rossigee/provider-cloudflare/internal/controller/zone/zone.go:246.2,247.42 2 1
