mode: set
github.com/rossigee/provider-cloudflare/internal/clients/applications/fake/fake.go:34.166,36.2 1 0
github.com/rossigee/provider-cloudflare/internal/clients/applications/fake/fake.go:39.139,41.2 1 0
github.com/rossigee/provider-cloudflare/internal/clients/applications/fake/fake.go:44.173,46.2 1 0
github.com/rossigee/provider-cloudflare/internal/clients/applications/fake/fake.go:49.111,51.2 1 0
github.com/rossigee/provider-cloudflare/internal/clients/sslsaas/fallbackorigins/fake/fake.go:33.196,35.2 1 0
github.com/rossigee/provider-cloudflare/internal/clients/sslsaas/fallbackorigins/fake/fake.go:38.98,40.2 1 0
github.com/rossigee/provider-cloudflare/internal/clients/sslsaas/fallbackorigins/fake/fake.go:43.135,45.2 1 0
github.com/rossigee/provider-cloudflare/internal/clients/sslsaas/customhostnames/fake/fake.go:35.184,37.2 1 0
github.com/rossigee/provider-cloudflare/internal/clients/sslsaas/customhostnames/fake/fake.go:40.177,42.2 1 0
github.com/rossigee/provider-cloudflare/internal/clients/sslsaas/customhostnames/fake/fake.go:45.109,47.2 1 0
github.com/rossigee/provider-cloudflare/internal/clients/sslsaas/customhostnames/fake/fake.go:50.152,52.2 1 0
github.com/rossigee/provider-cloudflare/internal/clients/sslsaas/customhostnames/fake/fake.go:55.132,57.2 1 0
github.com/rossigee/provider-cloudflare/internal/clients/firewall/filter/fake/fake.go:34.124,36.2 1 0
github.com/rossigee/provider-cloudflare/internal/clients/firewall/filter/fake/fake.go:39.119,41.2 1 0
github.com/rossigee/provider-cloudflare/internal/clients/firewall/filter/fake/fake.go:44.101,46.2 1 0
github.com/rossigee/provider-cloudflare/internal/clients/firewall/filter/fake/fake.go:49.86,51.2 1 0
github.com/rossigee/provider-cloudflare/internal/clients/zones/fake/fake.go:38.152,40.2 1 0
github.com/rossigee/provider-cloudflare/internal/clients/zones/fake/fake.go:43.95,45.2 1 0
github.com/rossigee/provider-cloudflare/internal/clients/zones/fake/fake.go:48.124,50.2 1 0
github.com/rossigee/provider-cloudflare/internal/clients/zones/fake/fake.go:53.146,55.2 1 0
github.com/rossigee/provider-cloudflare/internal/clients/zones/fake/fake.go:58.94,60.2 1 0
github.com/rossigee/provider-cloudflare/internal/clients/zones/fake/fake.go:63.67,65.2 1 0
github.com/rossigee/provider-cloudflare/internal/clients/zones/fake/fake.go:68.92,70.2 1 0
github.com/rossigee/provider-cloudflare/internal/clients/zones/fake/fake.go:73.111,75.2 1 0
github.com/rossigee/provider-cloudflare/internal/clients/workers/route/fake/fake.go:34.145,36.2 1 0
github.com/rossigee/provider-cloudflare/internal/clients/workers/route/fake/fake.go:39.161,41.2 1 0
github.com/rossigee/provider-cloudflare/internal/clients/workers/route/fake/fake.go:44.128,46.2 1 0
github.com/rossigee/provider-cloudflare/internal/clients/workers/route/fake/fake.go:49.131,51.2 1 0
github.com/rossigee/provider-cloudflare/internal/clients/records/fake/fake.go:34.137,36.2 1 0
github.com/rossigee/provider-cloudflare/internal/clients/records/fake/fake.go:39.114,41.2 1 0
github.com/rossigee/provider-cloudflare/internal/clients/records/fake/fake.go:44.107,46.2 1 0
github.com/rossigee/provider-cloudflare/internal/clients/records/fake/fake.go:49.89,51.2 1 0
github.com/rossigee/provider-cloudflare/internal/clients/firewall/rule/fake/fake.go:34.142,36.2 1 0
github.com/rossigee/provider-cloudflare/internal/clients/firewall/rule/fake/fake.go:39.137,41.2 1 0
github.com/rossigee/provider-cloudflare/internal/clients/firewall/rule/fake/fake.go:44.111,46.2 1 0
github.com/rossigee/provider-cloudflare/internal/clients/firewall/rule/fake/fake.go:49.90,51.2 1 0
